[2024-11-19 13:02:58] local.ERROR: SQLSTATE[HY000] [1045] Access denied for user 'root'@'localhost' (using password: NO) (SQL: SET FOREIGN_KEY_CHECKS=1;) {"exception":"[object] (Illuminate\\Database\\QueryException(code: 1045): SQLSTATE[HY000] [1045] Access denied for user 'root'@'localhost' (using password: NO) (SQL: SET FOREIGN_KEY_CHECKS=1;) at /Users/kareem/iCloudDrive/Documents/Essa Shamry/Shaleh Website/KAREEM/vendor/laravel/framework/src/Illuminate/Database/Connection.php:669)
[stacktrace]
#0 /Users/kareem/iCloudDrive/Documents/Essa Shamry/Shaleh Website/KAREEM/vendor/laravel/framework/src/Illuminate/Database/Connection.php(629): Illuminate\\Database\\Connection->runQueryCallback('SET FOREIGN_KEY...', Array, Object(Closure))
#1 /Users/kareem/iCloudDrive/Documents/Essa Shamry/Shaleh Website/KAREEM/vendor/laravel/framework/src/Illuminate/Database/Connection.php(464): Illuminate\\Database\\Connection->run('SET FOREIGN_KEY...', Array, Object(Closure))
#2 /Users/kareem/iCloudDrive/Documents/Essa Shamry/Shaleh Website/KAREEM/vendor/laravel/framework/src/Illuminate/Database/Schema/Builder.php(266): Illuminate\\Database\\Connection->statement('SET FOREIGN_KEY...')
#3 /Users/kareem/iCloudDrive/Documents/Essa Shamry/Shaleh Website/KAREEM/vendor/laravel/framework/src/Illuminate/Support/Facades/Facade.php(261): Illuminate\\Database\\Schema\\Builder->enableForeignKeyConstraints()
#4 /Users/kareem/iCloudDrive/Documents/Essa Shamry/Shaleh Website/KAREEM/app/Providers/AppServiceProvider.php(20): Illuminate\\Support\\Facades\\Facade::__callStatic('enableForeignKe...', Array)
#5 [internal function]: App\\Providers\\AppServiceProvider->boot()
#6 /Users/kareem/iCloudDrive/Documents/Essa Shamry/Shaleh Website/KAREEM/vendor/laravel/framework/src/Illuminate/Container/BoundMethod.php(32): call_user_func_array(Array, Array)
#7 /Users/kareem/iCloudDrive/Documents/Essa Shamry/Shaleh Website/KAREEM/vendor/laravel/framework/src/Illuminate/Container/Util.php(37): Illuminate\\Container\\BoundMethod::Illuminate\\Container\\{closure}()
#8 /Users/kareem/iCloudDrive/Documents/Essa Shamry/Shaleh Website/KAREEM/vendor/laravel/framework/src/Illuminate/Container/BoundMethod.php(90): Illuminate\\Container\\Util::unwrapIfClosure(Object(Closure))
#9 /Users/kareem/iCloudDrive/Documents/Essa Shamry/Shaleh Website/KAREEM/vendor/laravel/framework/src/Illuminate/Container/BoundMethod.php(34): Illuminate\\Container\\BoundMethod::callBoundMethod(Object(Illuminate\\Foundation\\Application), Array, Object(Closure))
#10 /Users/kareem/iCloudDrive/Documents/Essa Shamry/Shaleh Website/KAREEM/vendor/laravel/framework/src/Illuminate/Container/Container.php(590): Illuminate\\Container\\BoundMethod::call(Object(Illuminate\\Foundation\\Application), Array, Array, NULL)
#11 /Users/kareem/iCloudDrive/Documents/Essa Shamry/Shaleh Website/KAREEM/vendor/laravel/framework/src/Illuminate/Foundation/Application.php(856): Illuminate\\Container\\Container->call(Array)
#12 /Users/kareem/iCloudDrive/Documents/Essa Shamry/Shaleh Website/KAREEM/vendor/laravel/framework/src/Illuminate/Foundation/Application.php(839): Illuminate\\Foundation\\Application->bootProvider(Object(App\\Providers\\AppServiceProvider))
#13 [internal function]: Illuminate\\Foundation\\Application->Illuminate\\Foundation\\{closure}(Object(App\\Providers\\AppServiceProvider), 33)
#14 /Users/kareem/iCloudDrive/Documents/Essa Shamry/Shaleh Website/KAREEM/vendor/laravel/framework/src/Illuminate/Foundation/Application.php(840): array_walk(Array, Object(Closure))
#15 /Users/kareem/iCloudDrive/Documents/Essa Shamry/Shaleh Website/KAREEM/vendor/laravel/framework/src/Illuminate/Foundation/Bootstrap/BootProviders.php(17): Illuminate\\Foundation\\Application->boot()
#16 /Users/kareem/iCloudDrive/Documents/Essa Shamry/Shaleh Website/KAREEM/vendor/laravel/framework/src/Illuminate/Foundation/Application.php(219): Illuminate\\Foundation\\Bootstrap\\BootProviders->bootstrap(Object(Illuminate\\Foundation\\Application))
#17 /Users/kareem/iCloudDrive/Documents/Essa Shamry/Shaleh Website/KAREEM/vendor/laravel/framework/src/Illuminate/Foundation/Console/Kernel.php(320): Illuminate\\Foundation\\Application->bootstrapWith(Array)
#18 /Users/kareem/iCloudDrive/Documents/Essa Shamry/Shaleh Website/KAREEM/vendor/laravel/framework/src/Illuminate/Foundation/Console/Kernel.php(129): Illuminate\\Foundation\\Console\\Kernel->bootstrap()
#19 /Users/kareem/iCloudDrive/Documents/Essa Shamry/Shaleh Website/KAREEM/artisan(37): Illuminate\\Foundation\\Console\\Kernel->handle(Object(Symfony\\Component\\Console\\Input\\ArgvInput), Object(Symfony\\Component\\Console\\Output\\ConsoleOutput))
#20 {main}

[previous exception] [object] (Doctrine\\DBAL\\Driver\\PDOException(code: 1045): SQLSTATE[HY000] [1045] Access denied for user 'root'@'localhost' (using password: NO) at /Users/kareem/iCloudDrive/Documents/Essa Shamry/Shaleh Website/KAREEM/vendor/doctrine/dbal/lib/Doctrine/DBAL/Driver/PDOConnection.php:31)
[stacktrace]
#0 /Users/kareem/iCloudDrive/Documents/Essa Shamry/Shaleh Website/KAREEM/vendor/laravel/framework/src/Illuminate/Database/Connectors/Connector.php(67): Doctrine\\DBAL\\Driver\\PDOConnection->__construct('mysql:host=127....', 'root', '', Array)
#1 /Users/kareem/iCloudDrive/Documents/Essa Shamry/Shaleh Website/KAREEM/vendor/laravel/framework/src/Illuminate/Database/Connectors/Connector.php(46): Illuminate\\Database\\Connectors\\Connector->createPdoConnection('mysql:host=127....', 'root', '', Array)
#2 /Users/kareem/iCloudDrive/Documents/Essa Shamry/Shaleh Website/KAREEM/vendor/laravel/framework/src/Illuminate/Database/Connectors/MySqlConnector.php(24): Illuminate\\Database\\Connectors\\Connector->createConnection('mysql:host=127....', Array, Array)
#3 /Users/kareem/iCloudDrive/Documents/Essa Shamry/Shaleh Website/KAREEM/vendor/laravel/framework/src/Illuminate/Database/Connectors/ConnectionFactory.php(182): Illuminate\\Database\\Connectors\\MySqlConnector->connect(Array)
#4 [internal function]: Illuminate\\Database\\Connectors\\ConnectionFactory->Illuminate\\Database\\Connectors\\{closure}()
#5 /Users/kareem/iCloudDrive/Documents/Essa Shamry/Shaleh Website/KAREEM/vendor/laravel/framework/src/Illuminate/Database/Connection.php(924): call_user_func(Object(Closure))
#6 /Users/kareem/iCloudDrive/Documents/Essa Shamry/Shaleh Website/KAREEM/vendor/laravel/framework/src/Illuminate/Database/Connection.php(457): Illuminate\\Database\\Connection->getPdo()
#7 /Users/kareem/iCloudDrive/Documents/Essa Shamry/Shaleh Website/KAREEM/vendor/laravel/framework/src/Illuminate/Database/Connection.php(662): Illuminate\\Database\\Connection->Illuminate\\Database\\{closure}('SET FOREIGN_KEY...', Array)
#8 /Users/kareem/iCloudDrive/Documents/Essa Shamry/Shaleh Website/KAREEM/vendor/laravel/framework/src/Illuminate/Database/Connection.php(629): Illuminate\\Database\\Connection->runQueryCallback('SET FOREIGN_KEY...', Array, Object(Closure))
#9 /Users/kareem/iCloudDrive/Documents/Essa Shamry/Shaleh Website/KAREEM/vendor/laravel/framework/src/Illuminate/Database/Connection.php(464): Illuminate\\Database\\Connection->run('SET FOREIGN_KEY...', Array, Object(Closure))
#10 /Users/kareem/iCloudDrive/Documents/Essa Shamry/Shaleh Website/KAREEM/vendor/laravel/framework/src/Illuminate/Database/Schema/Builder.php(266): Illuminate\\Database\\Connection->statement('SET FOREIGN_KEY...')
#11 /Users/kareem/iCloudDrive/Documents/Essa Shamry/Shaleh Website/KAREEM/vendor/laravel/framework/src/Illuminate/Support/Facades/Facade.php(261): Illuminate\\Database\\Schema\\Builder->enableForeignKeyConstraints()
#12 /Users/kareem/iCloudDrive/Documents/Essa Shamry/Shaleh Website/KAREEM/app/Providers/AppServiceProvider.php(20): Illuminate\\Support\\Facades\\Facade::__callStatic('enableForeignKe...', Array)
#13 [internal function]: App\\Providers\\AppServiceProvider->boot()
#14 /Users/kareem/iCloudDrive/Documents/Essa Shamry/Shaleh Website/KAREEM/vendor/laravel/framework/src/Illuminate/Container/BoundMethod.php(32): call_user_func_array(Array, Array)
#15 /Users/kareem/iCloudDrive/Documents/Essa Shamry/Shaleh Website/KAREEM/vendor/laravel/framework/src/Illuminate/Container/Util.php(37): Illuminate\\Container\\BoundMethod::Illuminate\\Container\\{closure}()
#16 /Users/kareem/iCloudDrive/Documents/Essa Shamry/Shaleh Website/KAREEM/vendor/laravel/framework/src/Illuminate/Container/BoundMethod.php(90): Illuminate\\Container\\Util::unwrapIfClosure(Object(Closure))
#17 /Users/kareem/iCloudDrive/Documents/Essa Shamry/Shaleh Website/KAREEM/vendor/laravel/framework/src/Illuminate/Container/BoundMethod.php(34): Illuminate\\Container\\BoundMethod::callBoundMethod(Object(Illuminate\\Foundation\\Application), Array, Object(Closure))
#18 /Users/kareem/iCloudDrive/Documents/Essa Shamry/Shaleh Website/KAREEM/vendor/laravel/framework/src/Illuminate/Container/Container.php(590): Illuminate\\Container\\BoundMethod::call(Object(Illuminate\\Foundation\\Application), Array, Array, NULL)
#19 /Users/kareem/iCloudDrive/Documents/Essa Shamry/Shaleh Website/KAREEM/vendor/laravel/framework/src/Illuminate/Foundation/Application.php(856): Illuminate\\Container\\Container->call(Array)
#20 /Users/kareem/iCloudDrive/Documents/Essa Shamry/Shaleh Website/KAREEM/vendor/laravel/framework/src/Illuminate/Foundation/Application.php(839): Illuminate\\Foundation\\Application->bootProvider(Object(App\\Providers\\AppServiceProvider))
#21 [internal function]: Illuminate\\Foundation\\Application->Illuminate\\Foundation\\{closure}(Object(App\\Providers\\AppServiceProvider), 33)
#22 /Users/kareem/iCloudDrive/Documents/Essa Shamry/Shaleh Website/KAREEM/vendor/laravel/framework/src/Illuminate/Foundation/Application.php(840): array_walk(Array, Object(Closure))
#23 /Users/kareem/iCloudDrive/Documents/Essa Shamry/Shaleh Website/KAREEM/vendor/laravel/framework/src/Illuminate/Foundation/Bootstrap/BootProviders.php(17): Illuminate\\Foundation\\Application->boot()
#24 /Users/kareem/iCloudDrive/Documents/Essa Shamry/Shaleh Website/KAREEM/vendor/laravel/framework/src/Illuminate/Foundation/Application.php(219): Illuminate\\Foundation\\Bootstrap\\BootProviders->bootstrap(Object(Illuminate\\Foundation\\Application))
#25 /Users/kareem/iCloudDrive/Documents/Essa Shamry/Shaleh Website/KAREEM/vendor/laravel/framework/src/Illuminate/Foundation/Console/Kernel.php(320): Illuminate\\Foundation\\Application->bootstrapWith(Array)
#26 /Users/kareem/iCloudDrive/Documents/Essa Shamry/Shaleh Website/KAREEM/vendor/laravel/framework/src/Illuminate/Foundation/Console/Kernel.php(129): Illuminate\\Foundation\\Console\\Kernel->bootstrap()
#27 /Users/kareem/iCloudDrive/Documents/Essa Shamry/Shaleh Website/KAREEM/artisan(37): Illuminate\\Foundation\\Console\\Kernel->handle(Object(Symfony\\Component\\Console\\Input\\ArgvInput), Object(Symfony\\Component\\Console\\Output\\ConsoleOutput))
#28 {main}

[previous exception] [object] (PDOException(code: 1045): SQLSTATE[HY000] [1045] Access denied for user 'root'@'localhost' (using password: NO) at /Users/kareem/iCloudDrive/Documents/Essa Shamry/Shaleh Website/KAREEM/vendor/doctrine/dbal/lib/Doctrine/DBAL/Driver/PDOConnection.php:27)
[stacktrace]
#0 /Users/kareem/iCloudDrive/Documents/Essa Shamry/Shaleh Website/KAREEM/vendor/doctrine/dbal/lib/Doctrine/DBAL/Driver/PDOConnection.php(27): PDO->__construct('mysql:host=127....', 'root', '', Array)
#1 /Users/kareem/iCloudDrive/Documents/Essa Shamry/Shaleh Website/KAREEM/vendor/laravel/framework/src/Illuminate/Database/Connectors/Connector.php(67): Doctrine\\DBAL\\Driver\\PDOConnection->__construct('mysql:host=127....', 'root', '', Array)
#2 /Users/kareem/iCloudDrive/Documents/Essa Shamry/Shaleh Website/KAREEM/vendor/laravel/framework/src/Illuminate/Database/Connectors/Connector.php(46): Illuminate\\Database\\Connectors\\Connector->createPdoConnection('mysql:host=127....', 'root', '', Array)
#3 /Users/kareem/iCloudDrive/Documents/Essa Shamry/Shaleh Website/KAREEM/vendor/laravel/framework/src/Illuminate/Database/Connectors/MySqlConnector.php(24): Illuminate\\Database\\Connectors\\Connector->createConnection('mysql:host=127....', Array, Array)
#4 /Users/kareem/iCloudDrive/Documents/Essa Shamry/Shaleh Website/KAREEM/vendor/laravel/framework/src/Illuminate/Database/Connectors/ConnectionFactory.php(182): Illuminate\\Database\\Connectors\\MySqlConnector->connect(Array)
#5 [internal function]: Illuminate\\Database\\Connectors\\ConnectionFactory->Illuminate\\Database\\Connectors\\{closure}()
#6 /Users/kareem/iCloudDrive/Documents/Essa Shamry/Shaleh Website/KAREEM/vendor/laravel/framework/src/Illuminate/Database/Connection.php(924): call_user_func(Object(Closure))
#7 /Users/kareem/iCloudDrive/Documents/Essa Shamry/Shaleh Website/KAREEM/vendor/laravel/framework/src/Illuminate/Database/Connection.php(457): Illuminate\\Database\\Connection->getPdo()
#8 /Users/kareem/iCloudDrive/Documents/Essa Shamry/Shaleh Website/KAREEM/vendor/laravel/framework/src/Illuminate/Database/Connection.php(662): Illuminate\\Database\\Connection->Illuminate\\Database\\{closure}('SET FOREIGN_KEY...', Array)
#9 /Users/kareem/iCloudDrive/Documents/Essa Shamry/Shaleh Website/KAREEM/vendor/laravel/framework/src/Illuminate/Database/Connection.php(629): Illuminate\\Database\\Connection->runQueryCallback('SET FOREIGN_KEY...', Array, Object(Closure))
#10 /Users/kareem/iCloudDrive/Documents/Essa Shamry/Shaleh Website/KAREEM/vendor/laravel/framework/src/Illuminate/Database/Connection.php(464): Illuminate\\Database\\Connection->run('SET FOREIGN_KEY...', Array, Object(Closure))
#11 /Users/kareem/iCloudDrive/Documents/Essa Shamry/Shaleh Website/KAREEM/vendor/laravel/framework/src/Illuminate/Database/Schema/Builder.php(266): Illuminate\\Database\\Connection->statement('SET FOREIGN_KEY...')
#12 /Users/kareem/iCloudDrive/Documents/Essa Shamry/Shaleh Website/KAREEM/vendor/laravel/framework/src/Illuminate/Support/Facades/Facade.php(261): Illuminate\\Database\\Schema\\Builder->enableForeignKeyConstraints()
#13 /Users/kareem/iCloudDrive/Documents/Essa Shamry/Shaleh Website/KAREEM/app/Providers/AppServiceProvider.php(20): Illuminate\\Support\\Facades\\Facade::__callStatic('enableForeignKe...', Array)
#14 [internal function]: App\\Providers\\AppServiceProvider->boot()
#15 /Users/kareem/iCloudDrive/Documents/Essa Shamry/Shaleh Website/KAREEM/vendor/laravel/framework/src/Illuminate/Container/BoundMethod.php(32): call_user_func_array(Array, Array)
#16 /Users/kareem/iCloudDrive/Documents/Essa Shamry/Shaleh Website/KAREEM/vendor/laravel/framework/src/Illuminate/Container/Util.php(37): Illuminate\\Container\\BoundMethod::Illuminate\\Container\\{closure}()
#17 /Users/kareem/iCloudDrive/Documents/Essa Shamry/Shaleh Website/KAREEM/vendor/laravel/framework/src/Illuminate/Container/BoundMethod.php(90): Illuminate\\Container\\Util::unwrapIfClosure(Object(Closure))
#18 /Users/kareem/iCloudDrive/Documents/Essa Shamry/Shaleh Website/KAREEM/vendor/laravel/framework/src/Illuminate/Container/BoundMethod.php(34): Illuminate\\Container\\BoundMethod::callBoundMethod(Object(Illuminate\\Foundation\\Application), Array, Object(Closure))
#19 /Users/kareem/iCloudDrive/Documents/Essa Shamry/Shaleh Website/KAREEM/vendor/laravel/framework/src/Illuminate/Container/Container.php(590): Illuminate\\Container\\BoundMethod::call(Object(Illuminate\\Foundation\\Application), Array, Array, NULL)
#20 /Users/kareem/iCloudDrive/Documents/Essa Shamry/Shaleh Website/KAREEM/vendor/laravel/framework/src/Illuminate/Foundation/Application.php(856): Illuminate\\Container\\Container->call(Array)
#21 /Users/kareem/iCloudDrive/Documents/Essa Shamry/Shaleh Website/KAREEM/vendor/laravel/framework/src/Illuminate/Foundation/Application.php(839): Illuminate\\Foundation\\Application->bootProvider(Object(App\\Providers\\AppServiceProvider))
#22 [internal function]: Illuminate\\Foundation\\Application->Illuminate\\Foundation\\{closure}(Object(App\\Providers\\AppServiceProvider), 33)
#23 /Users/kareem/iCloudDrive/Documents/Essa Shamry/Shaleh Website/KAREEM/vendor/laravel/framework/src/Illuminate/Foundation/Application.php(840): array_walk(Array, Object(Closure))
#24 /Users/kareem/iCloudDrive/Documents/Essa Shamry/Shaleh Website/KAREEM/vendor/laravel/framework/src/Illuminate/Foundation/Bootstrap/BootProviders.php(17): Illuminate\\Foundation\\Application->boot()
#25 /Users/kareem/iCloudDrive/Documents/Essa Shamry/Shaleh Website/KAREEM/vendor/laravel/framework/src/Illuminate/Foundation/Application.php(219): Illuminate\\Foundation\\Bootstrap\\BootProviders->bootstrap(Object(Illuminate\\Foundation\\Application))
#26 /Users/kareem/iCloudDrive/Documents/Essa Shamry/Shaleh Website/KAREEM/vendor/laravel/framework/src/Illuminate/Foundation/Console/Kernel.php(320): Illuminate\\Foundation\\Application->bootstrapWith(Array)
#27 /Users/kareem/iCloudDrive/Documents/Essa Shamry/Shaleh Website/KAREEM/vendor/laravel/framework/src/Illuminate/Foundation/Console/Kernel.php(129): Illuminate\\Foundation\\Console\\Kernel->bootstrap()
#28 /Users/kareem/iCloudDrive/Documents/Essa Shamry/Shaleh Website/KAREEM/artisan(37): Illuminate\\Foundation\\Console\\Kernel->handle(Object(Symfony\\Component\\Console\\Input\\ArgvInput), Object(Symfony\\Component\\Console\\Output\\ConsoleOutput))
#29 {main}
"} 
[2024-11-19 13:04:08] local.ERROR: SQLSTATE[HY000] [1045] Access denied for user 'root'@'localhost' (using password: NO) (SQL: SET FOREIGN_KEY_CHECKS=1;) {"exception":"[object] (Illuminate\\Database\\QueryException(code: 1045): SQLSTATE[HY000] [1045] Access denied for user 'root'@'localhost' (using password: NO) (SQL: SET FOREIGN_KEY_CHECKS=1;) at /Users/kareem/iCloudDrive/Documents/Essa Shamry/Shaleh Website/KAREEM/vendor/laravel/framework/src/Illuminate/Database/Connection.php:669)
[stacktrace]
#0 /Users/kareem/iCloudDrive/Documents/Essa Shamry/Shaleh Website/KAREEM/vendor/laravel/framework/src/Illuminate/Database/Connection.php(629): Illuminate\\Database\\Connection->runQueryCallback('SET FOREIGN_KEY...', Array, Object(Closure))
#1 /Users/kareem/iCloudDrive/Documents/Essa Shamry/Shaleh Website/KAREEM/vendor/laravel/framework/src/Illuminate/Database/Connection.php(464): Illuminate\\Database\\Connection->run('SET FOREIGN_KEY...', Array, Object(Closure))
#2 /Users/kareem/iCloudDrive/Documents/Essa Shamry/Shaleh Website/KAREEM/vendor/laravel/framework/src/Illuminate/Database/Schema/Builder.php(266): Illuminate\\Database\\Connection->statement('SET FOREIGN_KEY...')
#3 /Users/kareem/iCloudDrive/Documents/Essa Shamry/Shaleh Website/KAREEM/vendor/laravel/framework/src/Illuminate/Support/Facades/Facade.php(261): Illuminate\\Database\\Schema\\Builder->enableForeignKeyConstraints()
#4 /Users/kareem/iCloudDrive/Documents/Essa Shamry/Shaleh Website/KAREEM/app/Providers/AppServiceProvider.php(20): Illuminate\\Support\\Facades\\Facade::__callStatic('enableForeignKe...', Array)
#5 [internal function]: App\\Providers\\AppServiceProvider->boot()
#6 /Users/kareem/iCloudDrive/Documents/Essa Shamry/Shaleh Website/KAREEM/vendor/laravel/framework/src/Illuminate/Container/BoundMethod.php(32): call_user_func_array(Array, Array)
#7 /Users/kareem/iCloudDrive/Documents/Essa Shamry/Shaleh Website/KAREEM/vendor/laravel/framework/src/Illuminate/Container/Util.php(37): Illuminate\\Container\\BoundMethod::Illuminate\\Container\\{closure}()
#8 /Users/kareem/iCloudDrive/Documents/Essa Shamry/Shaleh Website/KAREEM/vendor/laravel/framework/src/Illuminate/Container/BoundMethod.php(90): Illuminate\\Container\\Util::unwrapIfClosure(Object(Closure))
#9 /Users/kareem/iCloudDrive/Documents/Essa Shamry/Shaleh Website/KAREEM/vendor/laravel/framework/src/Illuminate/Container/BoundMethod.php(34): Illuminate\\Container\\BoundMethod::callBoundMethod(Object(Illuminate\\Foundation\\Application), Array, Object(Closure))
#10 /Users/kareem/iCloudDrive/Documents/Essa Shamry/Shaleh Website/KAREEM/vendor/laravel/framework/src/Illuminate/Container/Container.php(590): Illuminate\\Container\\BoundMethod::call(Object(Illuminate\\Foundation\\Application), Array, Array, NULL)
#11 /Users/kareem/iCloudDrive/Documents/Essa Shamry/Shaleh Website/KAREEM/vendor/laravel/framework/src/Illuminate/Foundation/Application.php(856): Illuminate\\Container\\Container->call(Array)
#12 /Users/kareem/iCloudDrive/Documents/Essa Shamry/Shaleh Website/KAREEM/vendor/laravel/framework/src/Illuminate/Foundation/Application.php(839): Illuminate\\Foundation\\Application->bootProvider(Object(App\\Providers\\AppServiceProvider))
#13 [internal function]: Illuminate\\Foundation\\Application->Illuminate\\Foundation\\{closure}(Object(App\\Providers\\AppServiceProvider), 33)
#14 /Users/kareem/iCloudDrive/Documents/Essa Shamry/Shaleh Website/KAREEM/vendor/laravel/framework/src/Illuminate/Foundation/Application.php(840): array_walk(Array, Object(Closure))
#15 /Users/kareem/iCloudDrive/Documents/Essa Shamry/Shaleh Website/KAREEM/vendor/laravel/framework/src/Illuminate/Foundation/Bootstrap/BootProviders.php(17): Illuminate\\Foundation\\Application->boot()
#16 /Users/kareem/iCloudDrive/Documents/Essa Shamry/Shaleh Website/KAREEM/vendor/laravel/framework/src/Illuminate/Foundation/Application.php(219): Illuminate\\Foundation\\Bootstrap\\BootProviders->bootstrap(Object(Illuminate\\Foundation\\Application))
#17 /Users/kareem/iCloudDrive/Documents/Essa Shamry/Shaleh Website/KAREEM/vendor/laravel/framework/src/Illuminate/Foundation/Console/Kernel.php(320): Illuminate\\Foundation\\Application->bootstrapWith(Array)
#18 /Users/kareem/iCloudDrive/Documents/Essa Shamry/Shaleh Website/KAREEM/vendor/laravel/framework/src/Illuminate/Foundation/Console/Kernel.php(129): Illuminate\\Foundation\\Console\\Kernel->bootstrap()
#19 /Users/kareem/iCloudDrive/Documents/Essa Shamry/Shaleh Website/KAREEM/artisan(37): Illuminate\\Foundation\\Console\\Kernel->handle(Object(Symfony\\Component\\Console\\Input\\ArgvInput), Object(Symfony\\Component\\Console\\Output\\ConsoleOutput))
#20 {main}

[previous exception] [object] (Doctrine\\DBAL\\Driver\\PDOException(code: 1045): SQLSTATE[HY000] [1045] Access denied for user 'root'@'localhost' (using password: NO) at /Users/kareem/iCloudDrive/Documents/Essa Shamry/Shaleh Website/KAREEM/vendor/doctrine/dbal/lib/Doctrine/DBAL/Driver/PDOConnection.php:31)
[stacktrace]
#0 /Users/kareem/iCloudDrive/Documents/Essa Shamry/Shaleh Website/KAREEM/vendor/laravel/framework/src/Illuminate/Database/Connectors/Connector.php(67): Doctrine\\DBAL\\Driver\\PDOConnection->__construct('mysql:host=127....', 'root', '', Array)
#1 /Users/kareem/iCloudDrive/Documents/Essa Shamry/Shaleh Website/KAREEM/vendor/laravel/framework/src/Illuminate/Database/Connectors/Connector.php(46): Illuminate\\Database\\Connectors\\Connector->createPdoConnection('mysql:host=127....', 'root', '', Array)
#2 /Users/kareem/iCloudDrive/Documents/Essa Shamry/Shaleh Website/KAREEM/vendor/laravel/framework/src/Illuminate/Database/Connectors/MySqlConnector.php(24): Illuminate\\Database\\Connectors\\Connector->createConnection('mysql:host=127....', Array, Array)
#3 /Users/kareem/iCloudDrive/Documents/Essa Shamry/Shaleh Website/KAREEM/vendor/laravel/framework/src/Illuminate/Database/Connectors/ConnectionFactory.php(182): Illuminate\\Database\\Connectors\\MySqlConnector->connect(Array)
#4 [internal function]: Illuminate\\Database\\Connectors\\ConnectionFactory->Illuminate\\Database\\Connectors\\{closure}()
#5 /Users/kareem/iCloudDrive/Documents/Essa Shamry/Shaleh Website/KAREEM/vendor/laravel/framework/src/Illuminate/Database/Connection.php(924): call_user_func(Object(Closure))
#6 /Users/kareem/iCloudDrive/Documents/Essa Shamry/Shaleh Website/KAREEM/vendor/laravel/framework/src/Illuminate/Database/Connection.php(457): Illuminate\\Database\\Connection->getPdo()
#7 /Users/kareem/iCloudDrive/Documents/Essa Shamry/Shaleh Website/KAREEM/vendor/laravel/framework/src/Illuminate/Database/Connection.php(662): Illuminate\\Database\\Connection->Illuminate\\Database\\{closure}('SET FOREIGN_KEY...', Array)
#8 /Users/kareem/iCloudDrive/Documents/Essa Shamry/Shaleh Website/KAREEM/vendor/laravel/framework/src/Illuminate/Database/Connection.php(629): Illuminate\\Database\\Connection->runQueryCallback('SET FOREIGN_KEY...', Array, Object(Closure))
#9 /Users/kareem/iCloudDrive/Documents/Essa Shamry/Shaleh Website/KAREEM/vendor/laravel/framework/src/Illuminate/Database/Connection.php(464): Illuminate\\Database\\Connection->run('SET FOREIGN_KEY...', Array, Object(Closure))
#10 /Users/kareem/iCloudDrive/Documents/Essa Shamry/Shaleh Website/KAREEM/vendor/laravel/framework/src/Illuminate/Database/Schema/Builder.php(266): Illuminate\\Database\\Connection->statement('SET FOREIGN_KEY...')
#11 /Users/kareem/iCloudDrive/Documents/Essa Shamry/Shaleh Website/KAREEM/vendor/laravel/framework/src/Illuminate/Support/Facades/Facade.php(261): Illuminate\\Database\\Schema\\Builder->enableForeignKeyConstraints()
#12 /Users/kareem/iCloudDrive/Documents/Essa Shamry/Shaleh Website/KAREEM/app/Providers/AppServiceProvider.php(20): Illuminate\\Support\\Facades\\Facade::__callStatic('enableForeignKe...', Array)
#13 [internal function]: App\\Providers\\AppServiceProvider->boot()
#14 /Users/kareem/iCloudDrive/Documents/Essa Shamry/Shaleh Website/KAREEM/vendor/laravel/framework/src/Illuminate/Container/BoundMethod.php(32): call_user_func_array(Array, Array)
#15 /Users/kareem/iCloudDrive/Documents/Essa Shamry/Shaleh Website/KAREEM/vendor/laravel/framework/src/Illuminate/Container/Util.php(37): Illuminate\\Container\\BoundMethod::Illuminate\\Container\\{closure}()
#16 /Users/kareem/iCloudDrive/Documents/Essa Shamry/Shaleh Website/KAREEM/vendor/laravel/framework/src/Illuminate/Container/BoundMethod.php(90): Illuminate\\Container\\Util::unwrapIfClosure(Object(Closure))
#17 /Users/kareem/iCloudDrive/Documents/Essa Shamry/Shaleh Website/KAREEM/vendor/laravel/framework/src/Illuminate/Container/BoundMethod.php(34): Illuminate\\Container\\BoundMethod::callBoundMethod(Object(Illuminate\\Foundation\\Application), Array, Object(Closure))
#18 /Users/kareem/iCloudDrive/Documents/Essa Shamry/Shaleh Website/KAREEM/vendor/laravel/framework/src/Illuminate/Container/Container.php(590): Illuminate\\Container\\BoundMethod::call(Object(Illuminate\\Foundation\\Application), Array, Array, NULL)
#19 /Users/kareem/iCloudDrive/Documents/Essa Shamry/Shaleh Website/KAREEM/vendor/laravel/framework/src/Illuminate/Foundation/Application.php(856): Illuminate\\Container\\Container->call(Array)
#20 /Users/kareem/iCloudDrive/Documents/Essa Shamry/Shaleh Website/KAREEM/vendor/laravel/framework/src/Illuminate/Foundation/Application.php(839): Illuminate\\Foundation\\Application->bootProvider(Object(App\\Providers\\AppServiceProvider))
#21 [internal function]: Illuminate\\Foundation\\Application->Illuminate\\Foundation\\{closure}(Object(App\\Providers\\AppServiceProvider), 33)
#22 /Users/kareem/iCloudDrive/Documents/Essa Shamry/Shaleh Website/KAREEM/vendor/laravel/framework/src/Illuminate/Foundation/Application.php(840): array_walk(Array, Object(Closure))
#23 /Users/kareem/iCloudDrive/Documents/Essa Shamry/Shaleh Website/KAREEM/vendor/laravel/framework/src/Illuminate/Foundation/Bootstrap/BootProviders.php(17): Illuminate\\Foundation\\Application->boot()
#24 /Users/kareem/iCloudDrive/Documents/Essa Shamry/Shaleh Website/KAREEM/vendor/laravel/framework/src/Illuminate/Foundation/Application.php(219): Illuminate\\Foundation\\Bootstrap\\BootProviders->bootstrap(Object(Illuminate\\Foundation\\Application))
#25 /Users/kareem/iCloudDrive/Documents/Essa Shamry/Shaleh Website/KAREEM/vendor/laravel/framework/src/Illuminate/Foundation/Console/Kernel.php(320): Illuminate\\Foundation\\Application->bootstrapWith(Array)
#26 /Users/kareem/iCloudDrive/Documents/Essa Shamry/Shaleh Website/KAREEM/vendor/laravel/framework/src/Illuminate/Foundation/Console/Kernel.php(129): Illuminate\\Foundation\\Console\\Kernel->bootstrap()
#27 /Users/kareem/iCloudDrive/Documents/Essa Shamry/Shaleh Website/KAREEM/artisan(37): Illuminate\\Foundation\\Console\\Kernel->handle(Object(Symfony\\Component\\Console\\Input\\ArgvInput), Object(Symfony\\Component\\Console\\Output\\ConsoleOutput))
#28 {main}

[previous exception] [object] (PDOException(code: 1045): SQLSTATE[HY000] [1045] Access denied for user 'root'@'localhost' (using password: NO) at /Users/kareem/iCloudDrive/Documents/Essa Shamry/Shaleh Website/KAREEM/vendor/doctrine/dbal/lib/Doctrine/DBAL/Driver/PDOConnection.php:27)
[stacktrace]
#0 /Users/kareem/iCloudDrive/Documents/Essa Shamry/Shaleh Website/KAREEM/vendor/doctrine/dbal/lib/Doctrine/DBAL/Driver/PDOConnection.php(27): PDO->__construct('mysql:host=127....', 'root', '', Array)
#1 /Users/kareem/iCloudDrive/Documents/Essa Shamry/Shaleh Website/KAREEM/vendor/laravel/framework/src/Illuminate/Database/Connectors/Connector.php(67): Doctrine\\DBAL\\Driver\\PDOConnection->__construct('mysql:host=127....', 'root', '', Array)
#2 /Users/kareem/iCloudDrive/Documents/Essa Shamry/Shaleh Website/KAREEM/vendor/laravel/framework/src/Illuminate/Database/Connectors/Connector.php(46): Illuminate\\Database\\Connectors\\Connector->createPdoConnection('mysql:host=127....', 'root', '', Array)
#3 /Users/kareem/iCloudDrive/Documents/Essa Shamry/Shaleh Website/KAREEM/vendor/laravel/framework/src/Illuminate/Database/Connectors/MySqlConnector.php(24): Illuminate\\Database\\Connectors\\Connector->createConnection('mysql:host=127....', Array, Array)
#4 /Users/kareem/iCloudDrive/Documents/Essa Shamry/Shaleh Website/KAREEM/vendor/laravel/framework/src/Illuminate/Database/Connectors/ConnectionFactory.php(182): Illuminate\\Database\\Connectors\\MySqlConnector->connect(Array)
#5 [internal function]: Illuminate\\Database\\Connectors\\ConnectionFactory->Illuminate\\Database\\Connectors\\{closure}()
#6 /Users/kareem/iCloudDrive/Documents/Essa Shamry/Shaleh Website/KAREEM/vendor/laravel/framework/src/Illuminate/Database/Connection.php(924): call_user_func(Object(Closure))
#7 /Users/kareem/iCloudDrive/Documents/Essa Shamry/Shaleh Website/KAREEM/vendor/laravel/framework/src/Illuminate/Database/Connection.php(457): Illuminate\\Database\\Connection->getPdo()
#8 /Users/kareem/iCloudDrive/Documents/Essa Shamry/Shaleh Website/KAREEM/vendor/laravel/framework/src/Illuminate/Database/Connection.php(662): Illuminate\\Database\\Connection->Illuminate\\Database\\{closure}('SET FOREIGN_KEY...', Array)
#9 /Users/kareem/iCloudDrive/Documents/Essa Shamry/Shaleh Website/KAREEM/vendor/laravel/framework/src/Illuminate/Database/Connection.php(629): Illuminate\\Database\\Connection->runQueryCallback('SET FOREIGN_KEY...', Array, Object(Closure))
#10 /Users/kareem/iCloudDrive/Documents/Essa Shamry/Shaleh Website/KAREEM/vendor/laravel/framework/src/Illuminate/Database/Connection.php(464): Illuminate\\Database\\Connection->run('SET FOREIGN_KEY...', Array, Object(Closure))
#11 /Users/kareem/iCloudDrive/Documents/Essa Shamry/Shaleh Website/KAREEM/vendor/laravel/framework/src/Illuminate/Database/Schema/Builder.php(266): Illuminate\\Database\\Connection->statement('SET FOREIGN_KEY...')
#12 /Users/kareem/iCloudDrive/Documents/Essa Shamry/Shaleh Website/KAREEM/vendor/laravel/framework/src/Illuminate/Support/Facades/Facade.php(261): Illuminate\\Database\\Schema\\Builder->enableForeignKeyConstraints()
#13 /Users/kareem/iCloudDrive/Documents/Essa Shamry/Shaleh Website/KAREEM/app/Providers/AppServiceProvider.php(20): Illuminate\\Support\\Facades\\Facade::__callStatic('enableForeignKe...', Array)
#14 [internal function]: App\\Providers\\AppServiceProvider->boot()
#15 /Users/kareem/iCloudDrive/Documents/Essa Shamry/Shaleh Website/KAREEM/vendor/laravel/framework/src/Illuminate/Container/BoundMethod.php(32): call_user_func_array(Array, Array)
#16 /Users/kareem/iCloudDrive/Documents/Essa Shamry/Shaleh Website/KAREEM/vendor/laravel/framework/src/Illuminate/Container/Util.php(37): Illuminate\\Container\\BoundMethod::Illuminate\\Container\\{closure}()
#17 /Users/kareem/iCloudDrive/Documents/Essa Shamry/Shaleh Website/KAREEM/vendor/laravel/framework/src/Illuminate/Container/BoundMethod.php(90): Illuminate\\Container\\Util::unwrapIfClosure(Object(Closure))
#18 /Users/kareem/iCloudDrive/Documents/Essa Shamry/Shaleh Website/KAREEM/vendor/laravel/framework/src/Illuminate/Container/BoundMethod.php(34): Illuminate\\Container\\BoundMethod::callBoundMethod(Object(Illuminate\\Foundation\\Application), Array, Object(Closure))
#19 /Users/kareem/iCloudDrive/Documents/Essa Shamry/Shaleh Website/KAREEM/vendor/laravel/framework/src/Illuminate/Container/Container.php(590): Illuminate\\Container\\BoundMethod::call(Object(Illuminate\\Foundation\\Application), Array, Array, NULL)
#20 /Users/kareem/iCloudDrive/Documents/Essa Shamry/Shaleh Website/KAREEM/vendor/laravel/framework/src/Illuminate/Foundation/Application.php(856): Illuminate\\Container\\Container->call(Array)
#21 /Users/kareem/iCloudDrive/Documents/Essa Shamry/Shaleh Website/KAREEM/vendor/laravel/framework/src/Illuminate/Foundation/Application.php(839): Illuminate\\Foundation\\Application->bootProvider(Object(App\\Providers\\AppServiceProvider))
#22 [internal function]: Illuminate\\Foundation\\Application->Illuminate\\Foundation\\{closure}(Object(App\\Providers\\AppServiceProvider), 33)
#23 /Users/kareem/iCloudDrive/Documents/Essa Shamry/Shaleh Website/KAREEM/vendor/laravel/framework/src/Illuminate/Foundation/Application.php(840): array_walk(Array, Object(Closure))
#24 /Users/kareem/iCloudDrive/Documents/Essa Shamry/Shaleh Website/KAREEM/vendor/laravel/framework/src/Illuminate/Foundation/Bootstrap/BootProviders.php(17): Illuminate\\Foundation\\Application->boot()
#25 /Users/kareem/iCloudDrive/Documents/Essa Shamry/Shaleh Website/KAREEM/vendor/laravel/framework/src/Illuminate/Foundation/Application.php(219): Illuminate\\Foundation\\Bootstrap\\BootProviders->bootstrap(Object(Illuminate\\Foundation\\Application))
#26 /Users/kareem/iCloudDrive/Documents/Essa Shamry/Shaleh Website/KAREEM/vendor/laravel/framework/src/Illuminate/Foundation/Console/Kernel.php(320): Illuminate\\Foundation\\Application->bootstrapWith(Array)
#27 /Users/kareem/iCloudDrive/Documents/Essa Shamry/Shaleh Website/KAREEM/vendor/laravel/framework/src/Illuminate/Foundation/Console/Kernel.php(129): Illuminate\\Foundation\\Console\\Kernel->bootstrap()
#28 /Users/kareem/iCloudDrive/Documents/Essa Shamry/Shaleh Website/KAREEM/artisan(37): Illuminate\\Foundation\\Console\\Kernel->handle(Object(Symfony\\Component\\Console\\Input\\ArgvInput), Object(Symfony\\Component\\Console\\Output\\ConsoleOutput))
#29 {main}
"} 
[2024-11-19 13:04:14] local.ERROR: SQLSTATE[HY000] [1045] Access denied for user 'root'@'localhost' (using password: NO) (SQL: SET FOREIGN_KEY_CHECKS=1;) {"exception":"[object] (Illuminate\\Database\\QueryException(code: 1045): SQLSTATE[HY000] [1045] Access denied for user 'root'@'localhost' (using password: NO) (SQL: SET FOREIGN_KEY_CHECKS=1;) at /Users/kareem/iCloudDrive/Documents/Essa Shamry/Shaleh Website/KAREEM/vendor/laravel/framework/src/Illuminate/Database/Connection.php:669)
[stacktrace]
#0 /Users/kareem/iCloudDrive/Documents/Essa Shamry/Shaleh Website/KAREEM/vendor/laravel/framework/src/Illuminate/Database/Connection.php(629): Illuminate\\Database\\Connection->runQueryCallback('SET FOREIGN_KEY...', Array, Object(Closure))
#1 /Users/kareem/iCloudDrive/Documents/Essa Shamry/Shaleh Website/KAREEM/vendor/laravel/framework/src/Illuminate/Database/Connection.php(464): Illuminate\\Database\\Connection->run('SET FOREIGN_KEY...', Array, Object(Closure))
#2 /Users/kareem/iCloudDrive/Documents/Essa Shamry/Shaleh Website/KAREEM/vendor/laravel/framework/src/Illuminate/Database/Schema/Builder.php(266): Illuminate\\Database\\Connection->statement('SET FOREIGN_KEY...')
#3 /Users/kareem/iCloudDrive/Documents/Essa Shamry/Shaleh Website/KAREEM/vendor/laravel/framework/src/Illuminate/Support/Facades/Facade.php(261): Illuminate\\Database\\Schema\\Builder->enableForeignKeyConstraints()
#4 /Users/kareem/iCloudDrive/Documents/Essa Shamry/Shaleh Website/KAREEM/app/Providers/AppServiceProvider.php(20): Illuminate\\Support\\Facades\\Facade::__callStatic('enableForeignKe...', Array)
#5 [internal function]: App\\Providers\\AppServiceProvider->boot()
#6 /Users/kareem/iCloudDrive/Documents/Essa Shamry/Shaleh Website/KAREEM/vendor/laravel/framework/src/Illuminate/Container/BoundMethod.php(32): call_user_func_array(Array, Array)
#7 /Users/kareem/iCloudDrive/Documents/Essa Shamry/Shaleh Website/KAREEM/vendor/laravel/framework/src/Illuminate/Container/Util.php(37): Illuminate\\Container\\BoundMethod::Illuminate\\Container\\{closure}()
#8 /Users/kareem/iCloudDrive/Documents/Essa Shamry/Shaleh Website/KAREEM/vendor/laravel/framework/src/Illuminate/Container/BoundMethod.php(90): Illuminate\\Container\\Util::unwrapIfClosure(Object(Closure))
#9 /Users/kareem/iCloudDrive/Documents/Essa Shamry/Shaleh Website/KAREEM/vendor/laravel/framework/src/Illuminate/Container/BoundMethod.php(34): Illuminate\\Container\\BoundMethod::callBoundMethod(Object(Illuminate\\Foundation\\Application), Array, Object(Closure))
#10 /Users/kareem/iCloudDrive/Documents/Essa Shamry/Shaleh Website/KAREEM/vendor/laravel/framework/src/Illuminate/Container/Container.php(590): Illuminate\\Container\\BoundMethod::call(Object(Illuminate\\Foundation\\Application), Array, Array, NULL)
#11 /Users/kareem/iCloudDrive/Documents/Essa Shamry/Shaleh Website/KAREEM/vendor/laravel/framework/src/Illuminate/Foundation/Application.php(856): Illuminate\\Container\\Container->call(Array)
#12 /Users/kareem/iCloudDrive/Documents/Essa Shamry/Shaleh Website/KAREEM/vendor/laravel/framework/src/Illuminate/Foundation/Application.php(839): Illuminate\\Foundation\\Application->bootProvider(Object(App\\Providers\\AppServiceProvider))
#13 [internal function]: Illuminate\\Foundation\\Application->Illuminate\\Foundation\\{closure}(Object(App\\Providers\\AppServiceProvider), 33)
#14 /Users/kareem/iCloudDrive/Documents/Essa Shamry/Shaleh Website/KAREEM/vendor/laravel/framework/src/Illuminate/Foundation/Application.php(840): array_walk(Array, Object(Closure))
#15 /Users/kareem/iCloudDrive/Documents/Essa Shamry/Shaleh Website/KAREEM/vendor/laravel/framework/src/Illuminate/Foundation/Bootstrap/BootProviders.php(17): Illuminate\\Foundation\\Application->boot()
#16 /Users/kareem/iCloudDrive/Documents/Essa Shamry/Shaleh Website/KAREEM/vendor/laravel/framework/src/Illuminate/Foundation/Application.php(219): Illuminate\\Foundation\\Bootstrap\\BootProviders->bootstrap(Object(Illuminate\\Foundation\\Application))
#17 /Users/kareem/iCloudDrive/Documents/Essa Shamry/Shaleh Website/KAREEM/vendor/laravel/framework/src/Illuminate/Foundation/Console/Kernel.php(320): Illuminate\\Foundation\\Application->bootstrapWith(Array)
#18 /Users/kareem/iCloudDrive/Documents/Essa Shamry/Shaleh Website/KAREEM/vendor/laravel/framework/src/Illuminate/Foundation/Console/Kernel.php(129): Illuminate\\Foundation\\Console\\Kernel->bootstrap()
#19 /Users/kareem/iCloudDrive/Documents/Essa Shamry/Shaleh Website/KAREEM/artisan(37): Illuminate\\Foundation\\Console\\Kernel->handle(Object(Symfony\\Component\\Console\\Input\\ArgvInput), Object(Symfony\\Component\\Console\\Output\\ConsoleOutput))
#20 {main}

[previous exception] [object] (Doctrine\\DBAL\\Driver\\PDOException(code: 1045): SQLSTATE[HY000] [1045] Access denied for user 'root'@'localhost' (using password: NO) at /Users/kareem/iCloudDrive/Documents/Essa Shamry/Shaleh Website/KAREEM/vendor/doctrine/dbal/lib/Doctrine/DBAL/Driver/PDOConnection.php:31)
[stacktrace]
#0 /Users/kareem/iCloudDrive/Documents/Essa Shamry/Shaleh Website/KAREEM/vendor/laravel/framework/src/Illuminate/Database/Connectors/Connector.php(67): Doctrine\\DBAL\\Driver\\PDOConnection->__construct('mysql:host=127....', 'root', '', Array)
#1 /Users/kareem/iCloudDrive/Documents/Essa Shamry/Shaleh Website/KAREEM/vendor/laravel/framework/src/Illuminate/Database/Connectors/Connector.php(46): Illuminate\\Database\\Connectors\\Connector->createPdoConnection('mysql:host=127....', 'root', '', Array)
#2 /Users/kareem/iCloudDrive/Documents/Essa Shamry/Shaleh Website/KAREEM/vendor/laravel/framework/src/Illuminate/Database/Connectors/MySqlConnector.php(24): Illuminate\\Database\\Connectors\\Connector->createConnection('mysql:host=127....', Array, Array)
#3 /Users/kareem/iCloudDrive/Documents/Essa Shamry/Shaleh Website/KAREEM/vendor/laravel/framework/src/Illuminate/Database/Connectors/ConnectionFactory.php(182): Illuminate\\Database\\Connectors\\MySqlConnector->connect(Array)
#4 [internal function]: Illuminate\\Database\\Connectors\\ConnectionFactory->Illuminate\\Database\\Connectors\\{closure}()
#5 /Users/kareem/iCloudDrive/Documents/Essa Shamry/Shaleh Website/KAREEM/vendor/laravel/framework/src/Illuminate/Database/Connection.php(924): call_user_func(Object(Closure))
#6 /Users/kareem/iCloudDrive/Documents/Essa Shamry/Shaleh Website/KAREEM/vendor/laravel/framework/src/Illuminate/Database/Connection.php(457): Illuminate\\Database\\Connection->getPdo()
#7 /Users/kareem/iCloudDrive/Documents/Essa Shamry/Shaleh Website/KAREEM/vendor/laravel/framework/src/Illuminate/Database/Connection.php(662): Illuminate\\Database\\Connection->Illuminate\\Database\\{closure}('SET FOREIGN_KEY...', Array)
#8 /Users/kareem/iCloudDrive/Documents/Essa Shamry/Shaleh Website/KAREEM/vendor/laravel/framework/src/Illuminate/Database/Connection.php(629): Illuminate\\Database\\Connection->runQueryCallback('SET FOREIGN_KEY...', Array, Object(Closure))
#9 /Users/kareem/iCloudDrive/Documents/Essa Shamry/Shaleh Website/KAREEM/vendor/laravel/framework/src/Illuminate/Database/Connection.php(464): Illuminate\\Database\\Connection->run('SET FOREIGN_KEY...', Array, Object(Closure))
#10 /Users/kareem/iCloudDrive/Documents/Essa Shamry/Shaleh Website/KAREEM/vendor/laravel/framework/src/Illuminate/Database/Schema/Builder.php(266): Illuminate\\Database\\Connection->statement('SET FOREIGN_KEY...')
#11 /Users/kareem/iCloudDrive/Documents/Essa Shamry/Shaleh Website/KAREEM/vendor/laravel/framework/src/Illuminate/Support/Facades/Facade.php(261): Illuminate\\Database\\Schema\\Builder->enableForeignKeyConstraints()
#12 /Users/kareem/iCloudDrive/Documents/Essa Shamry/Shaleh Website/KAREEM/app/Providers/AppServiceProvider.php(20): Illuminate\\Support\\Facades\\Facade::__callStatic('enableForeignKe...', Array)
#13 [internal function]: App\\Providers\\AppServiceProvider->boot()
#14 /Users/kareem/iCloudDrive/Documents/Essa Shamry/Shaleh Website/KAREEM/vendor/laravel/framework/src/Illuminate/Container/BoundMethod.php(32): call_user_func_array(Array, Array)
#15 /Users/kareem/iCloudDrive/Documents/Essa Shamry/Shaleh Website/KAREEM/vendor/laravel/framework/src/Illuminate/Container/Util.php(37): Illuminate\\Container\\BoundMethod::Illuminate\\Container\\{closure}()
#16 /Users/kareem/iCloudDrive/Documents/Essa Shamry/Shaleh Website/KAREEM/vendor/laravel/framework/src/Illuminate/Container/BoundMethod.php(90): Illuminate\\Container\\Util::unwrapIfClosure(Object(Closure))
#17 /Users/kareem/iCloudDrive/Documents/Essa Shamry/Shaleh Website/KAREEM/vendor/laravel/framework/src/Illuminate/Container/BoundMethod.php(34): Illuminate\\Container\\BoundMethod::callBoundMethod(Object(Illuminate\\Foundation\\Application), Array, Object(Closure))
#18 /Users/kareem/iCloudDrive/Documents/Essa Shamry/Shaleh Website/KAREEM/vendor/laravel/framework/src/Illuminate/Container/Container.php(590): Illuminate\\Container\\BoundMethod::call(Object(Illuminate\\Foundation\\Application), Array, Array, NULL)
#19 /Users/kareem/iCloudDrive/Documents/Essa Shamry/Shaleh Website/KAREEM/vendor/laravel/framework/src/Illuminate/Foundation/Application.php(856): Illuminate\\Container\\Container->call(Array)
#20 /Users/kareem/iCloudDrive/Documents/Essa Shamry/Shaleh Website/KAREEM/vendor/laravel/framework/src/Illuminate/Foundation/Application.php(839): Illuminate\\Foundation\\Application->bootProvider(Object(App\\Providers\\AppServiceProvider))
#21 [internal function]: Illuminate\\Foundation\\Application->Illuminate\\Foundation\\{closure}(Object(App\\Providers\\AppServiceProvider), 33)
#22 /Users/kareem/iCloudDrive/Documents/Essa Shamry/Shaleh Website/KAREEM/vendor/laravel/framework/src/Illuminate/Foundation/Application.php(840): array_walk(Array, Object(Closure))
#23 /Users/kareem/iCloudDrive/Documents/Essa Shamry/Shaleh Website/KAREEM/vendor/laravel/framework/src/Illuminate/Foundation/Bootstrap/BootProviders.php(17): Illuminate\\Foundation\\Application->boot()
#24 /Users/kareem/iCloudDrive/Documents/Essa Shamry/Shaleh Website/KAREEM/vendor/laravel/framework/src/Illuminate/Foundation/Application.php(219): Illuminate\\Foundation\\Bootstrap\\BootProviders->bootstrap(Object(Illuminate\\Foundation\\Application))
#25 /Users/kareem/iCloudDrive/Documents/Essa Shamry/Shaleh Website/KAREEM/vendor/laravel/framework/src/Illuminate/Foundation/Console/Kernel.php(320): Illuminate\\Foundation\\Application->bootstrapWith(Array)
#26 /Users/kareem/iCloudDrive/Documents/Essa Shamry/Shaleh Website/KAREEM/vendor/laravel/framework/src/Illuminate/Foundation/Console/Kernel.php(129): Illuminate\\Foundation\\Console\\Kernel->bootstrap()
#27 /Users/kareem/iCloudDrive/Documents/Essa Shamry/Shaleh Website/KAREEM/artisan(37): Illuminate\\Foundation\\Console\\Kernel->handle(Object(Symfony\\Component\\Console\\Input\\ArgvInput), Object(Symfony\\Component\\Console\\Output\\ConsoleOutput))
#28 {main}

[previous exception] [object] (PDOException(code: 1045): SQLSTATE[HY000] [1045] Access denied for user 'root'@'localhost' (using password: NO) at /Users/kareem/iCloudDrive/Documents/Essa Shamry/Shaleh Website/KAREEM/vendor/doctrine/dbal/lib/Doctrine/DBAL/Driver/PDOConnection.php:27)
[stacktrace]
#0 /Users/kareem/iCloudDrive/Documents/Essa Shamry/Shaleh Website/KAREEM/vendor/doctrine/dbal/lib/Doctrine/DBAL/Driver/PDOConnection.php(27): PDO->__construct('mysql:host=127....', 'root', '', Array)
#1 /Users/kareem/iCloudDrive/Documents/Essa Shamry/Shaleh Website/KAREEM/vendor/laravel/framework/src/Illuminate/Database/Connectors/Connector.php(67): Doctrine\\DBAL\\Driver\\PDOConnection->__construct('mysql:host=127....', 'root', '', Array)
#2 /Users/kareem/iCloudDrive/Documents/Essa Shamry/Shaleh Website/KAREEM/vendor/laravel/framework/src/Illuminate/Database/Connectors/Connector.php(46): Illuminate\\Database\\Connectors\\Connector->createPdoConnection('mysql:host=127....', 'root', '', Array)
#3 /Users/kareem/iCloudDrive/Documents/Essa Shamry/Shaleh Website/KAREEM/vendor/laravel/framework/src/Illuminate/Database/Connectors/MySqlConnector.php(24): Illuminate\\Database\\Connectors\\Connector->createConnection('mysql:host=127....', Array, Array)
#4 /Users/kareem/iCloudDrive/Documents/Essa Shamry/Shaleh Website/KAREEM/vendor/laravel/framework/src/Illuminate/Database/Connectors/ConnectionFactory.php(182): Illuminate\\Database\\Connectors\\MySqlConnector->connect(Array)
#5 [internal function]: Illuminate\\Database\\Connectors\\ConnectionFactory->Illuminate\\Database\\Connectors\\{closure}()
#6 /Users/kareem/iCloudDrive/Documents/Essa Shamry/Shaleh Website/KAREEM/vendor/laravel/framework/src/Illuminate/Database/Connection.php(924): call_user_func(Object(Closure))
#7 /Users/kareem/iCloudDrive/Documents/Essa Shamry/Shaleh Website/KAREEM/vendor/laravel/framework/src/Illuminate/Database/Connection.php(457): Illuminate\\Database\\Connection->getPdo()
#8 /Users/kareem/iCloudDrive/Documents/Essa Shamry/Shaleh Website/KAREEM/vendor/laravel/framework/src/Illuminate/Database/Connection.php(662): Illuminate\\Database\\Connection->Illuminate\\Database\\{closure}('SET FOREIGN_KEY...', Array)
#9 /Users/kareem/iCloudDrive/Documents/Essa Shamry/Shaleh Website/KAREEM/vendor/laravel/framework/src/Illuminate/Database/Connection.php(629): Illuminate\\Database\\Connection->runQueryCallback('SET FOREIGN_KEY...', Array, Object(Closure))
#10 /Users/kareem/iCloudDrive/Documents/Essa Shamry/Shaleh Website/KAREEM/vendor/laravel/framework/src/Illuminate/Database/Connection.php(464): Illuminate\\Database\\Connection->run('SET FOREIGN_KEY...', Array, Object(Closure))
#11 /Users/kareem/iCloudDrive/Documents/Essa Shamry/Shaleh Website/KAREEM/vendor/laravel/framework/src/Illuminate/Database/Schema/Builder.php(266): Illuminate\\Database\\Connection->statement('SET FOREIGN_KEY...')
#12 /Users/kareem/iCloudDrive/Documents/Essa Shamry/Shaleh Website/KAREEM/vendor/laravel/framework/src/Illuminate/Support/Facades/Facade.php(261): Illuminate\\Database\\Schema\\Builder->enableForeignKeyConstraints()
#13 /Users/kareem/iCloudDrive/Documents/Essa Shamry/Shaleh Website/KAREEM/app/Providers/AppServiceProvider.php(20): Illuminate\\Support\\Facades\\Facade::__callStatic('enableForeignKe...', Array)
#14 [internal function]: App\\Providers\\AppServiceProvider->boot()
#15 /Users/kareem/iCloudDrive/Documents/Essa Shamry/Shaleh Website/KAREEM/vendor/laravel/framework/src/Illuminate/Container/BoundMethod.php(32): call_user_func_array(Array, Array)
#16 /Users/kareem/iCloudDrive/Documents/Essa Shamry/Shaleh Website/KAREEM/vendor/laravel/framework/src/Illuminate/Container/Util.php(37): Illuminate\\Container\\BoundMethod::Illuminate\\Container\\{closure}()
#17 /Users/kareem/iCloudDrive/Documents/Essa Shamry/Shaleh Website/KAREEM/vendor/laravel/framework/src/Illuminate/Container/BoundMethod.php(90): Illuminate\\Container\\Util::unwrapIfClosure(Object(Closure))
#18 /Users/kareem/iCloudDrive/Documents/Essa Shamry/Shaleh Website/KAREEM/vendor/laravel/framework/src/Illuminate/Container/BoundMethod.php(34): Illuminate\\Container\\BoundMethod::callBoundMethod(Object(Illuminate\\Foundation\\Application), Array, Object(Closure))
#19 /Users/kareem/iCloudDrive/Documents/Essa Shamry/Shaleh Website/KAREEM/vendor/laravel/framework/src/Illuminate/Container/Container.php(590): Illuminate\\Container\\BoundMethod::call(Object(Illuminate\\Foundation\\Application), Array, Array, NULL)
#20 /Users/kareem/iCloudDrive/Documents/Essa Shamry/Shaleh Website/KAREEM/vendor/laravel/framework/src/Illuminate/Foundation/Application.php(856): Illuminate\\Container\\Container->call(Array)
#21 /Users/kareem/iCloudDrive/Documents/Essa Shamry/Shaleh Website/KAREEM/vendor/laravel/framework/src/Illuminate/Foundation/Application.php(839): Illuminate\\Foundation\\Application->bootProvider(Object(App\\Providers\\AppServiceProvider))
#22 [internal function]: Illuminate\\Foundation\\Application->Illuminate\\Foundation\\{closure}(Object(App\\Providers\\AppServiceProvider), 33)
#23 /Users/kareem/iCloudDrive/Documents/Essa Shamry/Shaleh Website/KAREEM/vendor/laravel/framework/src/Illuminate/Foundation/Application.php(840): array_walk(Array, Object(Closure))
#24 /Users/kareem/iCloudDrive/Documents/Essa Shamry/Shaleh Website/KAREEM/vendor/laravel/framework/src/Illuminate/Foundation/Bootstrap/BootProviders.php(17): Illuminate\\Foundation\\Application->boot()
#25 /Users/kareem/iCloudDrive/Documents/Essa Shamry/Shaleh Website/KAREEM/vendor/laravel/framework/src/Illuminate/Foundation/Application.php(219): Illuminate\\Foundation\\Bootstrap\\BootProviders->bootstrap(Object(Illuminate\\Foundation\\Application))
#26 /Users/kareem/iCloudDrive/Documents/Essa Shamry/Shaleh Website/KAREEM/vendor/laravel/framework/src/Illuminate/Foundation/Console/Kernel.php(320): Illuminate\\Foundation\\Application->bootstrapWith(Array)
#27 /Users/kareem/iCloudDrive/Documents/Essa Shamry/Shaleh Website/KAREEM/vendor/laravel/framework/src/Illuminate/Foundation/Console/Kernel.php(129): Illuminate\\Foundation\\Console\\Kernel->bootstrap()
#28 /Users/kareem/iCloudDrive/Documents/Essa Shamry/Shaleh Website/KAREEM/artisan(37): Illuminate\\Foundation\\Console\\Kernel->handle(Object(Symfony\\Component\\Console\\Input\\ArgvInput), Object(Symfony\\Component\\Console\\Output\\ConsoleOutput))
#29 {main}
"} 
[2024-11-19 13:04:34] local.ERROR: SQLSTATE[HY000] [1045] Access denied for user 'root'@'localhost' (using password: NO) (SQL: SET FOREIGN_KEY_CHECKS=1;) {"exception":"[object] (Illuminate\\Database\\QueryException(code: 1045): SQLSTATE[HY000] [1045] Access denied for user 'root'@'localhost' (using password: NO) (SQL: SET FOREIGN_KEY_CHECKS=1;) at /Users/kareem/iCloudDrive/Documents/Essa Shamry/Shaleh Website/KAREEM/vendor/laravel/framework/src/Illuminate/Database/Connection.php:669)
[stacktrace]
#0 /Users/kareem/iCloudDrive/Documents/Essa Shamry/Shaleh Website/KAREEM/vendor/laravel/framework/src/Illuminate/Database/Connection.php(629): Illuminate\\Database\\Connection->runQueryCallback('SET FOREIGN_KEY...', Array, Object(Closure))
#1 /Users/kareem/iCloudDrive/Documents/Essa Shamry/Shaleh Website/KAREEM/vendor/laravel/framework/src/Illuminate/Database/Connection.php(464): Illuminate\\Database\\Connection->run('SET FOREIGN_KEY...', Array, Object(Closure))
#2 /Users/kareem/iCloudDrive/Documents/Essa Shamry/Shaleh Website/KAREEM/vendor/laravel/framework/src/Illuminate/Database/Schema/Builder.php(266): Illuminate\\Database\\Connection->statement('SET FOREIGN_KEY...')
#3 /Users/kareem/iCloudDrive/Documents/Essa Shamry/Shaleh Website/KAREEM/vendor/laravel/framework/src/Illuminate/Support/Facades/Facade.php(261): Illuminate\\Database\\Schema\\Builder->enableForeignKeyConstraints()
#4 /Users/kareem/iCloudDrive/Documents/Essa Shamry/Shaleh Website/KAREEM/app/Providers/AppServiceProvider.php(20): Illuminate\\Support\\Facades\\Facade::__callStatic('enableForeignKe...', Array)
#5 [internal function]: App\\Providers\\AppServiceProvider->boot()
#6 /Users/kareem/iCloudDrive/Documents/Essa Shamry/Shaleh Website/KAREEM/vendor/laravel/framework/src/Illuminate/Container/BoundMethod.php(32): call_user_func_array(Array, Array)
#7 /Users/kareem/iCloudDrive/Documents/Essa Shamry/Shaleh Website/KAREEM/vendor/laravel/framework/src/Illuminate/Container/Util.php(37): Illuminate\\Container\\BoundMethod::Illuminate\\Container\\{closure}()
#8 /Users/kareem/iCloudDrive/Documents/Essa Shamry/Shaleh Website/KAREEM/vendor/laravel/framework/src/Illuminate/Container/BoundMethod.php(90): Illuminate\\Container\\Util::unwrapIfClosure(Object(Closure))
#9 /Users/kareem/iCloudDrive/Documents/Essa Shamry/Shaleh Website/KAREEM/vendor/laravel/framework/src/Illuminate/Container/BoundMethod.php(34): Illuminate\\Container\\BoundMethod::callBoundMethod(Object(Illuminate\\Foundation\\Application), Array, Object(Closure))
#10 /Users/kareem/iCloudDrive/Documents/Essa Shamry/Shaleh Website/KAREEM/vendor/laravel/framework/src/Illuminate/Container/Container.php(590): Illuminate\\Container\\BoundMethod::call(Object(Illuminate\\Foundation\\Application), Array, Array, NULL)
#11 /Users/kareem/iCloudDrive/Documents/Essa Shamry/Shaleh Website/KAREEM/vendor/laravel/framework/src/Illuminate/Foundation/Application.php(856): Illuminate\\Container\\Container->call(Array)
#12 /Users/kareem/iCloudDrive/Documents/Essa Shamry/Shaleh Website/KAREEM/vendor/laravel/framework/src/Illuminate/Foundation/Application.php(839): Illuminate\\Foundation\\Application->bootProvider(Object(App\\Providers\\AppServiceProvider))
#13 [internal function]: Illuminate\\Foundation\\Application->Illuminate\\Foundation\\{closure}(Object(App\\Providers\\AppServiceProvider), 33)
#14 /Users/kareem/iCloudDrive/Documents/Essa Shamry/Shaleh Website/KAREEM/vendor/laravel/framework/src/Illuminate/Foundation/Application.php(840): array_walk(Array, Object(Closure))
#15 /Users/kareem/iCloudDrive/Documents/Essa Shamry/Shaleh Website/KAREEM/vendor/laravel/framework/src/Illuminate/Foundation/Bootstrap/BootProviders.php(17): Illuminate\\Foundation\\Application->boot()
#16 /Users/kareem/iCloudDrive/Documents/Essa Shamry/Shaleh Website/KAREEM/vendor/laravel/framework/src/Illuminate/Foundation/Application.php(219): Illuminate\\Foundation\\Bootstrap\\BootProviders->bootstrap(Object(Illuminate\\Foundation\\Application))
#17 /Users/kareem/iCloudDrive/Documents/Essa Shamry/Shaleh Website/KAREEM/vendor/laravel/framework/src/Illuminate/Foundation/Console/Kernel.php(320): Illuminate\\Foundation\\Application->bootstrapWith(Array)
#18 /Users/kareem/iCloudDrive/Documents/Essa Shamry/Shaleh Website/KAREEM/vendor/laravel/framework/src/Illuminate/Foundation/Console/Kernel.php(129): Illuminate\\Foundation\\Console\\Kernel->bootstrap()
#19 /Users/kareem/iCloudDrive/Documents/Essa Shamry/Shaleh Website/KAREEM/artisan(37): Illuminate\\Foundation\\Console\\Kernel->handle(Object(Symfony\\Component\\Console\\Input\\ArgvInput), Object(Symfony\\Component\\Console\\Output\\ConsoleOutput))
#20 {main}

[previous exception] [object] (Doctrine\\DBAL\\Driver\\PDOException(code: 1045): SQLSTATE[HY000] [1045] Access denied for user 'root'@'localhost' (using password: NO) at /Users/kareem/iCloudDrive/Documents/Essa Shamry/Shaleh Website/KAREEM/vendor/doctrine/dbal/lib/Doctrine/DBAL/Driver/PDOConnection.php:31)
[stacktrace]
#0 /Users/kareem/iCloudDrive/Documents/Essa Shamry/Shaleh Website/KAREEM/vendor/laravel/framework/src/Illuminate/Database/Connectors/Connector.php(67): Doctrine\\DBAL\\Driver\\PDOConnection->__construct('mysql:host=127....', 'root', '', Array)
#1 /Users/kareem/iCloudDrive/Documents/Essa Shamry/Shaleh Website/KAREEM/vendor/laravel/framework/src/Illuminate/Database/Connectors/Connector.php(46): Illuminate\\Database\\Connectors\\Connector->createPdoConnection('mysql:host=127....', 'root', '', Array)
#2 /Users/kareem/iCloudDrive/Documents/Essa Shamry/Shaleh Website/KAREEM/vendor/laravel/framework/src/Illuminate/Database/Connectors/MySqlConnector.php(24): Illuminate\\Database\\Connectors\\Connector->createConnection('mysql:host=127....', Array, Array)
#3 /Users/kareem/iCloudDrive/Documents/Essa Shamry/Shaleh Website/KAREEM/vendor/laravel/framework/src/Illuminate/Database/Connectors/ConnectionFactory.php(182): Illuminate\\Database\\Connectors\\MySqlConnector->connect(Array)
#4 [internal function]: Illuminate\\Database\\Connectors\\ConnectionFactory->Illuminate\\Database\\Connectors\\{closure}()
#5 /Users/kareem/iCloudDrive/Documents/Essa Shamry/Shaleh Website/KAREEM/vendor/laravel/framework/src/Illuminate/Database/Connection.php(924): call_user_func(Object(Closure))
#6 /Users/kareem/iCloudDrive/Documents/Essa Shamry/Shaleh Website/KAREEM/vendor/laravel/framework/src/Illuminate/Database/Connection.php(457): Illuminate\\Database\\Connection->getPdo()
#7 /Users/kareem/iCloudDrive/Documents/Essa Shamry/Shaleh Website/KAREEM/vendor/laravel/framework/src/Illuminate/Database/Connection.php(662): Illuminate\\Database\\Connection->Illuminate\\Database\\{closure}('SET FOREIGN_KEY...', Array)
#8 /Users/kareem/iCloudDrive/Documents/Essa Shamry/Shaleh Website/KAREEM/vendor/laravel/framework/src/Illuminate/Database/Connection.php(629): Illuminate\\Database\\Connection->runQueryCallback('SET FOREIGN_KEY...', Array, Object(Closure))
#9 /Users/kareem/iCloudDrive/Documents/Essa Shamry/Shaleh Website/KAREEM/vendor/laravel/framework/src/Illuminate/Database/Connection.php(464): Illuminate\\Database\\Connection->run('SET FOREIGN_KEY...', Array, Object(Closure))
#10 /Users/kareem/iCloudDrive/Documents/Essa Shamry/Shaleh Website/KAREEM/vendor/laravel/framework/src/Illuminate/Database/Schema/Builder.php(266): Illuminate\\Database\\Connection->statement('SET FOREIGN_KEY...')
#11 /Users/kareem/iCloudDrive/Documents/Essa Shamry/Shaleh Website/KAREEM/vendor/laravel/framework/src/Illuminate/Support/Facades/Facade.php(261): Illuminate\\Database\\Schema\\Builder->enableForeignKeyConstraints()
#12 /Users/kareem/iCloudDrive/Documents/Essa Shamry/Shaleh Website/KAREEM/app/Providers/AppServiceProvider.php(20): Illuminate\\Support\\Facades\\Facade::__callStatic('enableForeignKe...', Array)
#13 [internal function]: App\\Providers\\AppServiceProvider->boot()
#14 /Users/kareem/iCloudDrive/Documents/Essa Shamry/Shaleh Website/KAREEM/vendor/laravel/framework/src/Illuminate/Container/BoundMethod.php(32): call_user_func_array(Array, Array)
#15 /Users/kareem/iCloudDrive/Documents/Essa Shamry/Shaleh Website/KAREEM/vendor/laravel/framework/src/Illuminate/Container/Util.php(37): Illuminate\\Container\\BoundMethod::Illuminate\\Container\\{closure}()
#16 /Users/kareem/iCloudDrive/Documents/Essa Shamry/Shaleh Website/KAREEM/vendor/laravel/framework/src/Illuminate/Container/BoundMethod.php(90): Illuminate\\Container\\Util::unwrapIfClosure(Object(Closure))
#17 /Users/kareem/iCloudDrive/Documents/Essa Shamry/Shaleh Website/KAREEM/vendor/laravel/framework/src/Illuminate/Container/BoundMethod.php(34): Illuminate\\Container\\BoundMethod::callBoundMethod(Object(Illuminate\\Foundation\\Application), Array, Object(Closure))
#18 /Users/kareem/iCloudDrive/Documents/Essa Shamry/Shaleh Website/KAREEM/vendor/laravel/framework/src/Illuminate/Container/Container.php(590): Illuminate\\Container\\BoundMethod::call(Object(Illuminate\\Foundation\\Application), Array, Array, NULL)
#19 /Users/kareem/iCloudDrive/Documents/Essa Shamry/Shaleh Website/KAREEM/vendor/laravel/framework/src/Illuminate/Foundation/Application.php(856): Illuminate\\Container\\Container->call(Array)
#20 /Users/kareem/iCloudDrive/Documents/Essa Shamry/Shaleh Website/KAREEM/vendor/laravel/framework/src/Illuminate/Foundation/Application.php(839): Illuminate\\Foundation\\Application->bootProvider(Object(App\\Providers\\AppServiceProvider))
#21 [internal function]: Illuminate\\Foundation\\Application->Illuminate\\Foundation\\{closure}(Object(App\\Providers\\AppServiceProvider), 33)
#22 /Users/kareem/iCloudDrive/Documents/Essa Shamry/Shaleh Website/KAREEM/vendor/laravel/framework/src/Illuminate/Foundation/Application.php(840): array_walk(Array, Object(Closure))
#23 /Users/kareem/iCloudDrive/Documents/Essa Shamry/Shaleh Website/KAREEM/vendor/laravel/framework/src/Illuminate/Foundation/Bootstrap/BootProviders.php(17): Illuminate\\Foundation\\Application->boot()
#24 /Users/kareem/iCloudDrive/Documents/Essa Shamry/Shaleh Website/KAREEM/vendor/laravel/framework/src/Illuminate/Foundation/Application.php(219): Illuminate\\Foundation\\Bootstrap\\BootProviders->bootstrap(Object(Illuminate\\Foundation\\Application))
#25 /Users/kareem/iCloudDrive/Documents/Essa Shamry/Shaleh Website/KAREEM/vendor/laravel/framework/src/Illuminate/Foundation/Console/Kernel.php(320): Illuminate\\Foundation\\Application->bootstrapWith(Array)
#26 /Users/kareem/iCloudDrive/Documents/Essa Shamry/Shaleh Website/KAREEM/vendor/laravel/framework/src/Illuminate/Foundation/Console/Kernel.php(129): Illuminate\\Foundation\\Console\\Kernel->bootstrap()
#27 /Users/kareem/iCloudDrive/Documents/Essa Shamry/Shaleh Website/KAREEM/artisan(37): Illuminate\\Foundation\\Console\\Kernel->handle(Object(Symfony\\Component\\Console\\Input\\ArgvInput), Object(Symfony\\Component\\Console\\Output\\ConsoleOutput))
#28 {main}

[previous exception] [object] (PDOException(code: 1045): SQLSTATE[HY000] [1045] Access denied for user 'root'@'localhost' (using password: NO) at /Users/kareem/iCloudDrive/Documents/Essa Shamry/Shaleh Website/KAREEM/vendor/doctrine/dbal/lib/Doctrine/DBAL/Driver/PDOConnection.php:27)
[stacktrace]
#0 /Users/kareem/iCloudDrive/Documents/Essa Shamry/Shaleh Website/KAREEM/vendor/doctrine/dbal/lib/Doctrine/DBAL/Driver/PDOConnection.php(27): PDO->__construct('mysql:host=127....', 'root', '', Array)
#1 /Users/kareem/iCloudDrive/Documents/Essa Shamry/Shaleh Website/KAREEM/vendor/laravel/framework/src/Illuminate/Database/Connectors/Connector.php(67): Doctrine\\DBAL\\Driver\\PDOConnection->__construct('mysql:host=127....', 'root', '', Array)
#2 /Users/kareem/iCloudDrive/Documents/Essa Shamry/Shaleh Website/KAREEM/vendor/laravel/framework/src/Illuminate/Database/Connectors/Connector.php(46): Illuminate\\Database\\Connectors\\Connector->createPdoConnection('mysql:host=127....', 'root', '', Array)
#3 /Users/kareem/iCloudDrive/Documents/Essa Shamry/Shaleh Website/KAREEM/vendor/laravel/framework/src/Illuminate/Database/Connectors/MySqlConnector.php(24): Illuminate\\Database\\Connectors\\Connector->createConnection('mysql:host=127....', Array, Array)
#4 /Users/kareem/iCloudDrive/Documents/Essa Shamry/Shaleh Website/KAREEM/vendor/laravel/framework/src/Illuminate/Database/Connectors/ConnectionFactory.php(182): Illuminate\\Database\\Connectors\\MySqlConnector->connect(Array)
#5 [internal function]: Illuminate\\Database\\Connectors\\ConnectionFactory->Illuminate\\Database\\Connectors\\{closure}()
#6 /Users/kareem/iCloudDrive/Documents/Essa Shamry/Shaleh Website/KAREEM/vendor/laravel/framework/src/Illuminate/Database/Connection.php(924): call_user_func(Object(Closure))
#7 /Users/kareem/iCloudDrive/Documents/Essa Shamry/Shaleh Website/KAREEM/vendor/laravel/framework/src/Illuminate/Database/Connection.php(457): Illuminate\\Database\\Connection->getPdo()
#8 /Users/kareem/iCloudDrive/Documents/Essa Shamry/Shaleh Website/KAREEM/vendor/laravel/framework/src/Illuminate/Database/Connection.php(662): Illuminate\\Database\\Connection->Illuminate\\Database\\{closure}('SET FOREIGN_KEY...', Array)
#9 /Users/kareem/iCloudDrive/Documents/Essa Shamry/Shaleh Website/KAREEM/vendor/laravel/framework/src/Illuminate/Database/Connection.php(629): Illuminate\\Database\\Connection->runQueryCallback('SET FOREIGN_KEY...', Array, Object(Closure))
#10 /Users/kareem/iCloudDrive/Documents/Essa Shamry/Shaleh Website/KAREEM/vendor/laravel/framework/src/Illuminate/Database/Connection.php(464): Illuminate\\Database\\Connection->run('SET FOREIGN_KEY...', Array, Object(Closure))
#11 /Users/kareem/iCloudDrive/Documents/Essa Shamry/Shaleh Website/KAREEM/vendor/laravel/framework/src/Illuminate/Database/Schema/Builder.php(266): Illuminate\\Database\\Connection->statement('SET FOREIGN_KEY...')
#12 /Users/kareem/iCloudDrive/Documents/Essa Shamry/Shaleh Website/KAREEM/vendor/laravel/framework/src/Illuminate/Support/Facades/Facade.php(261): Illuminate\\Database\\Schema\\Builder->enableForeignKeyConstraints()
#13 /Users/kareem/iCloudDrive/Documents/Essa Shamry/Shaleh Website/KAREEM/app/Providers/AppServiceProvider.php(20): Illuminate\\Support\\Facades\\Facade::__callStatic('enableForeignKe...', Array)
#14 [internal function]: App\\Providers\\AppServiceProvider->boot()
#15 /Users/kareem/iCloudDrive/Documents/Essa Shamry/Shaleh Website/KAREEM/vendor/laravel/framework/src/Illuminate/Container/BoundMethod.php(32): call_user_func_array(Array, Array)
#16 /Users/kareem/iCloudDrive/Documents/Essa Shamry/Shaleh Website/KAREEM/vendor/laravel/framework/src/Illuminate/Container/Util.php(37): Illuminate\\Container\\BoundMethod::Illuminate\\Container\\{closure}()
#17 /Users/kareem/iCloudDrive/Documents/Essa Shamry/Shaleh Website/KAREEM/vendor/laravel/framework/src/Illuminate/Container/BoundMethod.php(90): Illuminate\\Container\\Util::unwrapIfClosure(Object(Closure))
#18 /Users/kareem/iCloudDrive/Documents/Essa Shamry/Shaleh Website/KAREEM/vendor/laravel/framework/src/Illuminate/Container/BoundMethod.php(34): Illuminate\\Container\\BoundMethod::callBoundMethod(Object(Illuminate\\Foundation\\Application), Array, Object(Closure))
#19 /Users/kareem/iCloudDrive/Documents/Essa Shamry/Shaleh Website/KAREEM/vendor/laravel/framework/src/Illuminate/Container/Container.php(590): Illuminate\\Container\\BoundMethod::call(Object(Illuminate\\Foundation\\Application), Array, Array, NULL)
#20 /Users/kareem/iCloudDrive/Documents/Essa Shamry/Shaleh Website/KAREEM/vendor/laravel/framework/src/Illuminate/Foundation/Application.php(856): Illuminate\\Container\\Container->call(Array)
#21 /Users/kareem/iCloudDrive/Documents/Essa Shamry/Shaleh Website/KAREEM/vendor/laravel/framework/src/Illuminate/Foundation/Application.php(839): Illuminate\\Foundation\\Application->bootProvider(Object(App\\Providers\\AppServiceProvider))
#22 [internal function]: Illuminate\\Foundation\\Application->Illuminate\\Foundation\\{closure}(Object(App\\Providers\\AppServiceProvider), 33)
#23 /Users/kareem/iCloudDrive/Documents/Essa Shamry/Shaleh Website/KAREEM/vendor/laravel/framework/src/Illuminate/Foundation/Application.php(840): array_walk(Array, Object(Closure))
#24 /Users/kareem/iCloudDrive/Documents/Essa Shamry/Shaleh Website/KAREEM/vendor/laravel/framework/src/Illuminate/Foundation/Bootstrap/BootProviders.php(17): Illuminate\\Foundation\\Application->boot()
#25 /Users/kareem/iCloudDrive/Documents/Essa Shamry/Shaleh Website/KAREEM/vendor/laravel/framework/src/Illuminate/Foundation/Application.php(219): Illuminate\\Foundation\\Bootstrap\\BootProviders->bootstrap(Object(Illuminate\\Foundation\\Application))
#26 /Users/kareem/iCloudDrive/Documents/Essa Shamry/Shaleh Website/KAREEM/vendor/laravel/framework/src/Illuminate/Foundation/Console/Kernel.php(320): Illuminate\\Foundation\\Application->bootstrapWith(Array)
#27 /Users/kareem/iCloudDrive/Documents/Essa Shamry/Shaleh Website/KAREEM/vendor/laravel/framework/src/Illuminate/Foundation/Console/Kernel.php(129): Illuminate\\Foundation\\Console\\Kernel->bootstrap()
#28 /Users/kareem/iCloudDrive/Documents/Essa Shamry/Shaleh Website/KAREEM/artisan(37): Illuminate\\Foundation\\Console\\Kernel->handle(Object(Symfony\\Component\\Console\\Input\\ArgvInput), Object(Symfony\\Component\\Console\\Output\\ConsoleOutput))
#29 {main}
"} 
[2024-11-19 13:05:31] local.ERROR: SQLSTATE[HY000] [1045] Access denied for user 'root'@'localhost' (using password: NO) (SQL: SET FOREIGN_KEY_CHECKS=1;) {"exception":"[object] (Illuminate\\Database\\QueryException(code: 1045): SQLSTATE[HY000] [1045] Access denied for user 'root'@'localhost' (using password: NO) (SQL: SET FOREIGN_KEY_CHECKS=1;) at /Users/kareem/iCloudDrive/Documents/Essa Shamry/Shaleh Website/KAREEM/vendor/laravel/framework/src/Illuminate/Database/Connection.php:669)
[stacktrace]
#0 /Users/kareem/iCloudDrive/Documents/Essa Shamry/Shaleh Website/KAREEM/vendor/laravel/framework/src/Illuminate/Database/Connection.php(629): Illuminate\\Database\\Connection->runQueryCallback('SET FOREIGN_KEY...', Array, Object(Closure))
#1 /Users/kareem/iCloudDrive/Documents/Essa Shamry/Shaleh Website/KAREEM/vendor/laravel/framework/src/Illuminate/Database/Connection.php(464): Illuminate\\Database\\Connection->run('SET FOREIGN_KEY...', Array, Object(Closure))
#2 /Users/kareem/iCloudDrive/Documents/Essa Shamry/Shaleh Website/KAREEM/vendor/laravel/framework/src/Illuminate/Database/Schema/Builder.php(266): Illuminate\\Database\\Connection->statement('SET FOREIGN_KEY...')
#3 /Users/kareem/iCloudDrive/Documents/Essa Shamry/Shaleh Website/KAREEM/vendor/laravel/framework/src/Illuminate/Support/Facades/Facade.php(261): Illuminate\\Database\\Schema\\Builder->enableForeignKeyConstraints()
#4 /Users/kareem/iCloudDrive/Documents/Essa Shamry/Shaleh Website/KAREEM/app/Providers/AppServiceProvider.php(20): Illuminate\\Support\\Facades\\Facade::__callStatic('enableForeignKe...', Array)
#5 [internal function]: App\\Providers\\AppServiceProvider->boot()
#6 /Users/kareem/iCloudDrive/Documents/Essa Shamry/Shaleh Website/KAREEM/vendor/laravel/framework/src/Illuminate/Container/BoundMethod.php(32): call_user_func_array(Array, Array)
#7 /Users/kareem/iCloudDrive/Documents/Essa Shamry/Shaleh Website/KAREEM/vendor/laravel/framework/src/Illuminate/Container/Util.php(37): Illuminate\\Container\\BoundMethod::Illuminate\\Container\\{closure}()
#8 /Users/kareem/iCloudDrive/Documents/Essa Shamry/Shaleh Website/KAREEM/vendor/laravel/framework/src/Illuminate/Container/BoundMethod.php(90): Illuminate\\Container\\Util::unwrapIfClosure(Object(Closure))
#9 /Users/kareem/iCloudDrive/Documents/Essa Shamry/Shaleh Website/KAREEM/vendor/laravel/framework/src/Illuminate/Container/BoundMethod.php(34): Illuminate\\Container\\BoundMethod::callBoundMethod(Object(Illuminate\\Foundation\\Application), Array, Object(Closure))
#10 /Users/kareem/iCloudDrive/Documents/Essa Shamry/Shaleh Website/KAREEM/vendor/laravel/framework/src/Illuminate/Container/Container.php(590): Illuminate\\Container\\BoundMethod::call(Object(Illuminate\\Foundation\\Application), Array, Array, NULL)
#11 /Users/kareem/iCloudDrive/Documents/Essa Shamry/Shaleh Website/KAREEM/vendor/laravel/framework/src/Illuminate/Foundation/Application.php(856): Illuminate\\Container\\Container->call(Array)
#12 /Users/kareem/iCloudDrive/Documents/Essa Shamry/Shaleh Website/KAREEM/vendor/laravel/framework/src/Illuminate/Foundation/Application.php(839): Illuminate\\Foundation\\Application->bootProvider(Object(App\\Providers\\AppServiceProvider))
#13 [internal function]: Illuminate\\Foundation\\Application->Illuminate\\Foundation\\{closure}(Object(App\\Providers\\AppServiceProvider), 33)
#14 /Users/kareem/iCloudDrive/Documents/Essa Shamry/Shaleh Website/KAREEM/vendor/laravel/framework/src/Illuminate/Foundation/Application.php(840): array_walk(Array, Object(Closure))
#15 /Users/kareem/iCloudDrive/Documents/Essa Shamry/Shaleh Website/KAREEM/vendor/laravel/framework/src/Illuminate/Foundation/Bootstrap/BootProviders.php(17): Illuminate\\Foundation\\Application->boot()
#16 /Users/kareem/iCloudDrive/Documents/Essa Shamry/Shaleh Website/KAREEM/vendor/laravel/framework/src/Illuminate/Foundation/Application.php(219): Illuminate\\Foundation\\Bootstrap\\BootProviders->bootstrap(Object(Illuminate\\Foundation\\Application))
#17 /Users/kareem/iCloudDrive/Documents/Essa Shamry/Shaleh Website/KAREEM/vendor/laravel/framework/src/Illuminate/Foundation/Console/Kernel.php(320): Illuminate\\Foundation\\Application->bootstrapWith(Array)
#18 /Users/kareem/iCloudDrive/Documents/Essa Shamry/Shaleh Website/KAREEM/vendor/laravel/framework/src/Illuminate/Foundation/Console/Kernel.php(129): Illuminate\\Foundation\\Console\\Kernel->bootstrap()
#19 /Users/kareem/iCloudDrive/Documents/Essa Shamry/Shaleh Website/KAREEM/artisan(37): Illuminate\\Foundation\\Console\\Kernel->handle(Object(Symfony\\Component\\Console\\Input\\ArgvInput), Object(Symfony\\Component\\Console\\Output\\ConsoleOutput))
#20 {main}

[previous exception] [object] (Doctrine\\DBAL\\Driver\\PDOException(code: 1045): SQLSTATE[HY000] [1045] Access denied for user 'root'@'localhost' (using password: NO) at /Users/kareem/iCloudDrive/Documents/Essa Shamry/Shaleh Website/KAREEM/vendor/doctrine/dbal/lib/Doctrine/DBAL/Driver/PDOConnection.php:31)
[stacktrace]
#0 /Users/kareem/iCloudDrive/Documents/Essa Shamry/Shaleh Website/KAREEM/vendor/laravel/framework/src/Illuminate/Database/Connectors/Connector.php(67): Doctrine\\DBAL\\Driver\\PDOConnection->__construct('mysql:host=127....', 'root', '', Array)
#1 /Users/kareem/iCloudDrive/Documents/Essa Shamry/Shaleh Website/KAREEM/vendor/laravel/framework/src/Illuminate/Database/Connectors/Connector.php(46): Illuminate\\Database\\Connectors\\Connector->createPdoConnection('mysql:host=127....', 'root', '', Array)
#2 /Users/kareem/iCloudDrive/Documents/Essa Shamry/Shaleh Website/KAREEM/vendor/laravel/framework/src/Illuminate/Database/Connectors/MySqlConnector.php(24): Illuminate\\Database\\Connectors\\Connector->createConnection('mysql:host=127....', Array, Array)
#3 /Users/kareem/iCloudDrive/Documents/Essa Shamry/Shaleh Website/KAREEM/vendor/laravel/framework/src/Illuminate/Database/Connectors/ConnectionFactory.php(182): Illuminate\\Database\\Connectors\\MySqlConnector->connect(Array)
#4 [internal function]: Illuminate\\Database\\Connectors\\ConnectionFactory->Illuminate\\Database\\Connectors\\{closure}()
#5 /Users/kareem/iCloudDrive/Documents/Essa Shamry/Shaleh Website/KAREEM/vendor/laravel/framework/src/Illuminate/Database/Connection.php(924): call_user_func(Object(Closure))
#6 /Users/kareem/iCloudDrive/Documents/Essa Shamry/Shaleh Website/KAREEM/vendor/laravel/framework/src/Illuminate/Database/Connection.php(457): Illuminate\\Database\\Connection->getPdo()
#7 /Users/kareem/iCloudDrive/Documents/Essa Shamry/Shaleh Website/KAREEM/vendor/laravel/framework/src/Illuminate/Database/Connection.php(662): Illuminate\\Database\\Connection->Illuminate\\Database\\{closure}('SET FOREIGN_KEY...', Array)
#8 /Users/kareem/iCloudDrive/Documents/Essa Shamry/Shaleh Website/KAREEM/vendor/laravel/framework/src/Illuminate/Database/Connection.php(629): Illuminate\\Database\\Connection->runQueryCallback('SET FOREIGN_KEY...', Array, Object(Closure))
#9 /Users/kareem/iCloudDrive/Documents/Essa Shamry/Shaleh Website/KAREEM/vendor/laravel/framework/src/Illuminate/Database/Connection.php(464): Illuminate\\Database\\Connection->run('SET FOREIGN_KEY...', Array, Object(Closure))
#10 /Users/kareem/iCloudDrive/Documents/Essa Shamry/Shaleh Website/KAREEM/vendor/laravel/framework/src/Illuminate/Database/Schema/Builder.php(266): Illuminate\\Database\\Connection->statement('SET FOREIGN_KEY...')
#11 /Users/kareem/iCloudDrive/Documents/Essa Shamry/Shaleh Website/KAREEM/vendor/laravel/framework/src/Illuminate/Support/Facades/Facade.php(261): Illuminate\\Database\\Schema\\Builder->enableForeignKeyConstraints()
#12 /Users/kareem/iCloudDrive/Documents/Essa Shamry/Shaleh Website/KAREEM/app/Providers/AppServiceProvider.php(20): Illuminate\\Support\\Facades\\Facade::__callStatic('enableForeignKe...', Array)
#13 [internal function]: App\\Providers\\AppServiceProvider->boot()
#14 /Users/kareem/iCloudDrive/Documents/Essa Shamry/Shaleh Website/KAREEM/vendor/laravel/framework/src/Illuminate/Container/BoundMethod.php(32): call_user_func_array(Array, Array)
#15 /Users/kareem/iCloudDrive/Documents/Essa Shamry/Shaleh Website/KAREEM/vendor/laravel/framework/src/Illuminate/Container/Util.php(37): Illuminate\\Container\\BoundMethod::Illuminate\\Container\\{closure}()
#16 /Users/kareem/iCloudDrive/Documents/Essa Shamry/Shaleh Website/KAREEM/vendor/laravel/framework/src/Illuminate/Container/BoundMethod.php(90): Illuminate\\Container\\Util::unwrapIfClosure(Object(Closure))
#17 /Users/kareem/iCloudDrive/Documents/Essa Shamry/Shaleh Website/KAREEM/vendor/laravel/framework/src/Illuminate/Container/BoundMethod.php(34): Illuminate\\Container\\BoundMethod::callBoundMethod(Object(Illuminate\\Foundation\\Application), Array, Object(Closure))
#18 /Users/kareem/iCloudDrive/Documents/Essa Shamry/Shaleh Website/KAREEM/vendor/laravel/framework/src/Illuminate/Container/Container.php(590): Illuminate\\Container\\BoundMethod::call(Object(Illuminate\\Foundation\\Application), Array, Array, NULL)
#19 /Users/kareem/iCloudDrive/Documents/Essa Shamry/Shaleh Website/KAREEM/vendor/laravel/framework/src/Illuminate/Foundation/Application.php(856): Illuminate\\Container\\Container->call(Array)
#20 /Users/kareem/iCloudDrive/Documents/Essa Shamry/Shaleh Website/KAREEM/vendor/laravel/framework/src/Illuminate/Foundation/Application.php(839): Illuminate\\Foundation\\Application->bootProvider(Object(App\\Providers\\AppServiceProvider))
#21 [internal function]: Illuminate\\Foundation\\Application->Illuminate\\Foundation\\{closure}(Object(App\\Providers\\AppServiceProvider), 33)
#22 /Users/kareem/iCloudDrive/Documents/Essa Shamry/Shaleh Website/KAREEM/vendor/laravel/framework/src/Illuminate/Foundation/Application.php(840): array_walk(Array, Object(Closure))
#23 /Users/kareem/iCloudDrive/Documents/Essa Shamry/Shaleh Website/KAREEM/vendor/laravel/framework/src/Illuminate/Foundation/Bootstrap/BootProviders.php(17): Illuminate\\Foundation\\Application->boot()
#24 /Users/kareem/iCloudDrive/Documents/Essa Shamry/Shaleh Website/KAREEM/vendor/laravel/framework/src/Illuminate/Foundation/Application.php(219): Illuminate\\Foundation\\Bootstrap\\BootProviders->bootstrap(Object(Illuminate\\Foundation\\Application))
#25 /Users/kareem/iCloudDrive/Documents/Essa Shamry/Shaleh Website/KAREEM/vendor/laravel/framework/src/Illuminate/Foundation/Console/Kernel.php(320): Illuminate\\Foundation\\Application->bootstrapWith(Array)
#26 /Users/kareem/iCloudDrive/Documents/Essa Shamry/Shaleh Website/KAREEM/vendor/laravel/framework/src/Illuminate/Foundation/Console/Kernel.php(129): Illuminate\\Foundation\\Console\\Kernel->bootstrap()
#27 /Users/kareem/iCloudDrive/Documents/Essa Shamry/Shaleh Website/KAREEM/artisan(37): Illuminate\\Foundation\\Console\\Kernel->handle(Object(Symfony\\Component\\Console\\Input\\ArgvInput), Object(Symfony\\Component\\Console\\Output\\ConsoleOutput))
#28 {main}

[previous exception] [object] (PDOException(code: 1045): SQLSTATE[HY000] [1045] Access denied for user 'root'@'localhost' (using password: NO) at /Users/kareem/iCloudDrive/Documents/Essa Shamry/Shaleh Website/KAREEM/vendor/doctrine/dbal/lib/Doctrine/DBAL/Driver/PDOConnection.php:27)
[stacktrace]
#0 /Users/kareem/iCloudDrive/Documents/Essa Shamry/Shaleh Website/KAREEM/vendor/doctrine/dbal/lib/Doctrine/DBAL/Driver/PDOConnection.php(27): PDO->__construct('mysql:host=127....', 'root', '', Array)
#1 /Users/kareem/iCloudDrive/Documents/Essa Shamry/Shaleh Website/KAREEM/vendor/laravel/framework/src/Illuminate/Database/Connectors/Connector.php(67): Doctrine\\DBAL\\Driver\\PDOConnection->__construct('mysql:host=127....', 'root', '', Array)
#2 /Users/kareem/iCloudDrive/Documents/Essa Shamry/Shaleh Website/KAREEM/vendor/laravel/framework/src/Illuminate/Database/Connectors/Connector.php(46): Illuminate\\Database\\Connectors\\Connector->createPdoConnection('mysql:host=127....', 'root', '', Array)
#3 /Users/kareem/iCloudDrive/Documents/Essa Shamry/Shaleh Website/KAREEM/vendor/laravel/framework/src/Illuminate/Database/Connectors/MySqlConnector.php(24): Illuminate\\Database\\Connectors\\Connector->createConnection('mysql:host=127....', Array, Array)
#4 /Users/kareem/iCloudDrive/Documents/Essa Shamry/Shaleh Website/KAREEM/vendor/laravel/framework/src/Illuminate/Database/Connectors/ConnectionFactory.php(182): Illuminate\\Database\\Connectors\\MySqlConnector->connect(Array)
#5 [internal function]: Illuminate\\Database\\Connectors\\ConnectionFactory->Illuminate\\Database\\Connectors\\{closure}()
#6 /Users/kareem/iCloudDrive/Documents/Essa Shamry/Shaleh Website/KAREEM/vendor/laravel/framework/src/Illuminate/Database/Connection.php(924): call_user_func(Object(Closure))
#7 /Users/kareem/iCloudDrive/Documents/Essa Shamry/Shaleh Website/KAREEM/vendor/laravel/framework/src/Illuminate/Database/Connection.php(457): Illuminate\\Database\\Connection->getPdo()
#8 /Users/kareem/iCloudDrive/Documents/Essa Shamry/Shaleh Website/KAREEM/vendor/laravel/framework/src/Illuminate/Database/Connection.php(662): Illuminate\\Database\\Connection->Illuminate\\Database\\{closure}('SET FOREIGN_KEY...', Array)
#9 /Users/kareem/iCloudDrive/Documents/Essa Shamry/Shaleh Website/KAREEM/vendor/laravel/framework/src/Illuminate/Database/Connection.php(629): Illuminate\\Database\\Connection->runQueryCallback('SET FOREIGN_KEY...', Array, Object(Closure))
#10 /Users/kareem/iCloudDrive/Documents/Essa Shamry/Shaleh Website/KAREEM/vendor/laravel/framework/src/Illuminate/Database/Connection.php(464): Illuminate\\Database\\Connection->run('SET FOREIGN_KEY...', Array, Object(Closure))
#11 /Users/kareem/iCloudDrive/Documents/Essa Shamry/Shaleh Website/KAREEM/vendor/laravel/framework/src/Illuminate/Database/Schema/Builder.php(266): Illuminate\\Database\\Connection->statement('SET FOREIGN_KEY...')
#12 /Users/kareem/iCloudDrive/Documents/Essa Shamry/Shaleh Website/KAREEM/vendor/laravel/framework/src/Illuminate/Support/Facades/Facade.php(261): Illuminate\\Database\\Schema\\Builder->enableForeignKeyConstraints()
#13 /Users/kareem/iCloudDrive/Documents/Essa Shamry/Shaleh Website/KAREEM/app/Providers/AppServiceProvider.php(20): Illuminate\\Support\\Facades\\Facade::__callStatic('enableForeignKe...', Array)
#14 [internal function]: App\\Providers\\AppServiceProvider->boot()
#15 /Users/kareem/iCloudDrive/Documents/Essa Shamry/Shaleh Website/KAREEM/vendor/laravel/framework/src/Illuminate/Container/BoundMethod.php(32): call_user_func_array(Array, Array)
#16 /Users/kareem/iCloudDrive/Documents/Essa Shamry/Shaleh Website/KAREEM/vendor/laravel/framework/src/Illuminate/Container/Util.php(37): Illuminate\\Container\\BoundMethod::Illuminate\\Container\\{closure}()
#17 /Users/kareem/iCloudDrive/Documents/Essa Shamry/Shaleh Website/KAREEM/vendor/laravel/framework/src/Illuminate/Container/BoundMethod.php(90): Illuminate\\Container\\Util::unwrapIfClosure(Object(Closure))
#18 /Users/kareem/iCloudDrive/Documents/Essa Shamry/Shaleh Website/KAREEM/vendor/laravel/framework/src/Illuminate/Container/BoundMethod.php(34): Illuminate\\Container\\BoundMethod::callBoundMethod(Object(Illuminate\\Foundation\\Application), Array, Object(Closure))
#19 /Users/kareem/iCloudDrive/Documents/Essa Shamry/Shaleh Website/KAREEM/vendor/laravel/framework/src/Illuminate/Container/Container.php(590): Illuminate\\Container\\BoundMethod::call(Object(Illuminate\\Foundation\\Application), Array, Array, NULL)
#20 /Users/kareem/iCloudDrive/Documents/Essa Shamry/Shaleh Website/KAREEM/vendor/laravel/framework/src/Illuminate/Foundation/Application.php(856): Illuminate\\Container\\Container->call(Array)
#21 /Users/kareem/iCloudDrive/Documents/Essa Shamry/Shaleh Website/KAREEM/vendor/laravel/framework/src/Illuminate/Foundation/Application.php(839): Illuminate\\Foundation\\Application->bootProvider(Object(App\\Providers\\AppServiceProvider))
#22 [internal function]: Illuminate\\Foundation\\Application->Illuminate\\Foundation\\{closure}(Object(App\\Providers\\AppServiceProvider), 33)
#23 /Users/kareem/iCloudDrive/Documents/Essa Shamry/Shaleh Website/KAREEM/vendor/laravel/framework/src/Illuminate/Foundation/Application.php(840): array_walk(Array, Object(Closure))
#24 /Users/kareem/iCloudDrive/Documents/Essa Shamry/Shaleh Website/KAREEM/vendor/laravel/framework/src/Illuminate/Foundation/Bootstrap/BootProviders.php(17): Illuminate\\Foundation\\Application->boot()
#25 /Users/kareem/iCloudDrive/Documents/Essa Shamry/Shaleh Website/KAREEM/vendor/laravel/framework/src/Illuminate/Foundation/Application.php(219): Illuminate\\Foundation\\Bootstrap\\BootProviders->bootstrap(Object(Illuminate\\Foundation\\Application))
#26 /Users/kareem/iCloudDrive/Documents/Essa Shamry/Shaleh Website/KAREEM/vendor/laravel/framework/src/Illuminate/Foundation/Console/Kernel.php(320): Illuminate\\Foundation\\Application->bootstrapWith(Array)
#27 /Users/kareem/iCloudDrive/Documents/Essa Shamry/Shaleh Website/KAREEM/vendor/laravel/framework/src/Illuminate/Foundation/Console/Kernel.php(129): Illuminate\\Foundation\\Console\\Kernel->bootstrap()
#28 /Users/kareem/iCloudDrive/Documents/Essa Shamry/Shaleh Website/KAREEM/artisan(37): Illuminate\\Foundation\\Console\\Kernel->handle(Object(Symfony\\Component\\Console\\Input\\ArgvInput), Object(Symfony\\Component\\Console\\Output\\ConsoleOutput))
#29 {main}
"} 
[2024-11-19 13:06:05] local.ERROR: Command "config:caache" is not defined.

Did you mean one of these?
    config:cache
    config:clear
    event:cache
    route:cache
    view:cache {"exception":"[object] (Symfony\\Component\\Console\\Exception\\CommandNotFoundException(code: 0): Command \"config:caache\" is not defined.

Did you mean one of these?
    config:cache
    config:clear
    event:cache
    route:cache
    view:cache at /Users/kareem/iCloudDrive/Documents/Essa Shamry/Shaleh Website/KAREEM/vendor/symfony/console/Application.php:669)
[stacktrace]
#0 /Users/kareem/iCloudDrive/Documents/Essa Shamry/Shaleh Website/KAREEM/vendor/symfony/console/Application.php(235): Symfony\\Component\\Console\\Application->find('config:caache')
#1 /Users/kareem/iCloudDrive/Documents/Essa Shamry/Shaleh Website/KAREEM/vendor/symfony/console/Application.php(147): Symfony\\Component\\Console\\Application->doRun(Object(Symfony\\Component\\Console\\Input\\ArgvInput), Object(Symfony\\Component\\Console\\Output\\ConsoleOutput))
#2 /Users/kareem/iCloudDrive/Documents/Essa Shamry/Shaleh Website/KAREEM/vendor/laravel/framework/src/Illuminate/Console/Application.php(93): Symfony\\Component\\Console\\Application->run(Object(Symfony\\Component\\Console\\Input\\ArgvInput), Object(Symfony\\Component\\Console\\Output\\ConsoleOutput))
#3 /Users/kareem/iCloudDrive/Documents/Essa Shamry/Shaleh Website/KAREEM/vendor/laravel/framework/src/Illuminate/Foundation/Console/Kernel.php(131): Illuminate\\Console\\Application->run(Object(Symfony\\Component\\Console\\Input\\ArgvInput), Object(Symfony\\Component\\Console\\Output\\ConsoleOutput))
#4 /Users/kareem/iCloudDrive/Documents/Essa Shamry/Shaleh Website/KAREEM/artisan(37): Illuminate\\Foundation\\Console\\Kernel->handle(Object(Symfony\\Component\\Console\\Input\\ArgvInput), Object(Symfony\\Component\\Console\\Output\\ConsoleOutput))
#5 {main}
"} 
